# JRE version: Java(TM) SE Runtime Environment 18.9 (11.0.13+10) (build 11.0.13+10-LTS-370)
# Java VM: Java HotSpot(TM) 64-Bit Server VM 18.9 (11.0.13+10-LTS-370, mixed mode, tiered, compressed oops, g1 gc, windows-amd64)
Heap:
 garbage-first heap   total 524288K, used 333333K [0x00000000e0000000, 0x0000000100000000)
  region size 1024K, 175 young (179200K), 3 survivors (3072K)
 Metaspace       used 119873K, capacity 124095K, committed 124408K, reserved 364544K
  class space    used 14149K, capacity 15536K, committed 15616K, reserved 253952K
GC Heap History (10 events):
Event: 4046.768 GC heap before
{Heap before GC invocations=138 (full 0):
 garbage-first heap   total 524288K, used 318303K [0x00000000e0000000, 0x0000000100000000)
  region size 1024K, 83 young (84992K), 11 survivors (11264K)
 Metaspace       used 119158K, capacity 123262K, committed 123512K, reserved 362496K
  class space    used 14090K, capacity 15428K, committed 15488K, reserved 253952K
}
Event: 4046.827 GC heap after
{Heap after GC invocations=139 (full 0):
 garbage-first heap   total 524288K, used 259510K [0x00000000e0000000, 0x0000000100000000)
  region size 1024K, 11 young (11264K), 11 survivors (11264K)
 Metaspace       used 119158K, capacity 123262K, committed 123512K, reserved 362496K
  class space    used 14090K, capacity 15428K, committed 15488K, reserved 253952K
}
Event: 4047.483 GC heap before
{Heap before GC invocations=139 (full 0):
 garbage-first heap   total 524288K, used 272822K [0x00000000e0000000, 0x0000000100000000)
  region size 1024K, 25 young (25600K), 11 survivors (11264K)
 Metaspace       used 119213K, capacity 123332K, committed 123512K, reserved 362496K
  class space    used 14100K, capacity 15448K, committed 15488K, reserved 253952K
}
Event: 4047.513 GC heap after
{Heap after GC invocations=140 (full 0):
 garbage-first heap   total 524288K, used 209920K [0x00000000e0000000, 0x0000000100000000)
  region size 1024K, 2 young (2048K), 2 survivors (2048K)
 Metaspace       used 119213K, capacity 123332K, committed 123512K, reserved 362496K
  class space    used 14100K, capacity 15448K, committed 15488K, reserved 253952K
}
Event: 4048.395 GC heap before
{Heap before GC invocations=140 (full 0):
 garbage-first heap   total 524288K, used 232448K [0x00000000e0000000, 0x0000000100000000)
  region size 1024K, 25 young (25600K), 2 survivors (2048K)
 Metaspace       used 119269K, capacity 123410K, committed 123512K, reserved 362496K
  class space    used 14111K, capacity 15468K, committed 15488K, reserved 253952K
}
Event: 4048.433 GC heap after
{Heap after GC invocations=141 (full 0):
 garbage-first heap   total 524288K, used 164670K [0x00000000e0000000, 0x0000000100000000)
  region size 1024K, 2 young (2048K), 2 survivors (2048K)
 Metaspace       used 119269K, capacity 123410K, committed 123512K, reserved 362496K
  class space    used 14111K, capacity 15468K, committed 15488K, reserved 253952K
}
Event: 4049.966 GC heap before
{Heap before GC invocations=141 (full 0):
 garbage-first heap   total 524288K, used 187198K [0x00000000e0000000, 0x0000000100000000)
  region size 1024K, 25 young (25600K), 2 survivors (2048K)
 Metaspace       used 119407K, capacity 123533K, committed 123896K, reserved 362496K
  class space    used 14127K, capacity 15497K, committed 15616K, reserved 253952K
}
Event: 4049.990 GC heap after
{Heap after GC invocations=142 (full 0):
 garbage-first heap   total 524288K, used 159161K [0x00000000e0000000, 0x0000000100000000)
  region size 1024K, 2 young (2048K), 2 survivors (2048K)
 Metaspace       used 119407K, capacity 123533K, committed 123896K, reserved 362496K
  class space    used 14127K, capacity 15497K, committed 15616K, reserved 253952K
}
Event: 4134.892 GC heap before
{Heap before GC invocations=142 (full 0):
 garbage-first heap   total 524288K, used 323001K [0x00000000e0000000, 0x0000000100000000)
  region size 1024K, 162 young (165888K), 2 survivors (2048K)
 Metaspace       used 119542K, capacity 123702K, committed 123896K, reserved 362496K
  class space    used 14132K, capacity 15506K, committed 15616K, reserved 253952K
}
Event: 4134.904 GC heap after
{Heap after GC invocations=143 (full 0):
 garbage-first heap   total 524288K, used 159253K [0x00000000e0000000, 0x0000000100000000)
  region size 1024K, 3 young (3072K), 3 survivors (3072K)
 Metaspace       used 119542K, capacity 123702K, committed 123896K, reserved 362496K
  class space    used 14132K, capacity 15506K, committed 15616K, reserved 253952K
}

