# JRE version: Java(TM) SE Runtime Environment 18.9 (11.0.13+10) (build 11.0.13+10-LTS-370)
# Java VM: Java HotSpot(TM) 64-Bit Server VM 18.9 (11.0.13+10-LTS-370, mixed mode, tiered, compressed oops, g1 gc, windows-amd64)
Heap:
 garbage-first heap   total 395264K, used 278991K [0x00000000e0000000, 0x0000000100000000)
  region size 1024K, 17 young (17408K), 1 survivors (1024K)
 Metaspace       used 112032K, capacity 115690K, committed 115856K, reserved 356352K
  class space    used 13592K, capacity 14737K, committed 14840K, reserved 253952K
GC Heap History (10 events):
Event: 3863.038 GC heap before
{Heap before GC invocations=129 (full 0):
 garbage-first heap   total 395264K, used 314509K [0x00000000e0000000, 0x0000000100000000)
  region size 1024K, 51 young (52224K), 5 survivors (5120K)
 Metaspace       used 111260K, capacity 114984K, committed 115216K, reserved 356352K
  class space    used 13498K, capacity 14610K, committed 14712K, reserved 253952K
}
Event: 3863.058 GC heap after
{Heap after GC invocations=130 (full 0):
 garbage-first heap   total 395264K, used 270807K [0x00000000e0000000, 0x0000000100000000)
  region size 1024K, 7 young (7168K), 7 survivors (7168K)
 Metaspace       used 111260K, capacity 114984K, committed 115216K, reserved 356352K
  class space    used 13498K, capacity 14610K, committed 14712K, reserved 253952K
}
Event: 3863.077 GC heap before
{Heap before GC invocations=130 (full 0):
 garbage-first heap   total 395264K, used 282071K [0x00000000e0000000, 0x0000000100000000)
  region size 1024K, 19 young (19456K), 7 survivors (7168K)
 Metaspace       used 111260K, capacity 114984K, committed 115216K, reserved 356352K
  class space    used 13498K, capacity 14610K, committed 14712K, reserved 253952K
}
Event: 3863.106 GC heap after
{Heap after GC invocations=131 (full 0):
 garbage-first heap   total 395264K, used 262852K [0x00000000e0000000, 0x0000000100000000)
  region size 1024K, 3 young (3072K), 3 survivors (3072K)
 Metaspace       used 111260K, capacity 114984K, committed 115216K, reserved 356352K
  class space    used 13498K, capacity 14610K, committed 14712K, reserved 253952K
}
Event: 3863.116 GC heap before
{Heap before GC invocations=131 (full 0):
 garbage-first heap   total 395264K, used 267972K [0x00000000e0000000, 0x0000000100000000)
  region size 1024K, 9 young (9216K), 3 survivors (3072K)
 Metaspace       used 111260K, capacity 114984K, committed 115216K, reserved 356352K
  class space    used 13498K, capacity 14610K, committed 14712K, reserved 253952K
}
Event: 3863.130 GC heap after
{Heap after GC invocations=132 (full 0):
 garbage-first heap   total 395264K, used 263485K [0x00000000e0000000, 0x0000000100000000)
  region size 1024K, 3 young (3072K), 3 survivors (3072K)
 Metaspace       used 111260K, capacity 114984K, committed 115216K, reserved 356352K
  class space    used 13498K, capacity 14610K, committed 14712K, reserved 253952K
}
Event: 3864.392 GC heap before
{Heap before GC invocations=133 (full 0):
 garbage-first heap   total 395264K, used 321853K [0x00000000e0000000, 0x0000000100000000)
  region size 1024K, 53 young (54272K), 3 survivors (3072K)
 Metaspace       used 111330K, capacity 115051K, committed 115216K, reserved 356352K
  class space    used 13498K, capacity 14610K, committed 14712K, reserved 253952K
}
Event: 3864.404 GC heap after
{Heap after GC invocations=134 (full 0):
 garbage-first heap   total 395264K, used 264136K [0x00000000e0000000, 0x0000000100000000)
  region size 1024K, 6 young (6144K), 6 survivors (6144K)
 Metaspace       used 111330K, capacity 115051K, committed 115216K, reserved 356352K
  class space    used 13498K, capacity 14610K, committed 14712K, reserved 253952K
}
Event: 3864.913 GC heap before
{Heap before GC invocations=134 (full 0):
 garbage-first heap   total 395264K, used 276424K [0x00000000e0000000, 0x0000000100000000)
  region size 1024K, 19 young (19456K), 6 survivors (6144K)
 Metaspace       used 111368K, capacity 115058K, committed 115216K, reserved 356352K
  class space    used 13504K, capacity 14612K, committed 14712K, reserved 253952K
}
Event: 3864.928 GC heap after
{Heap after GC invocations=135 (full 0):
 garbage-first heap   total 395264K, used 263631K [0x00000000e0000000, 0x0000000100000000)
  region size 1024K, 1 young (1024K), 1 survivors (1024K)
 Metaspace       used 111368K, capacity 115058K, committed 115216K, reserved 356352K
  class space    used 13504K, capacity 14612K, committed 14712K, reserved 253952K
}

