# JRE version: Java(TM) SE Runtime Environment 18.9 (11.0.13+10) (build 11.0.13+10-LTS-370)
# Java VM: Java HotSpot(TM) 64-Bit Server VM 18.9 (11.0.13+10-LTS-370, mixed mode, tiered, compressed oops, g1 gc, windows-amd64)
Heap:
 garbage-first heap   total 290816K, used 138168K [0x00000000e0000000, 0x0000000100000000)
  region size 1024K, 8 young (8192K), 2 survivors (2048K)
 Metaspace       used 127575K, capacity 131241K, committed 131660K, reserved 370688K
  class space    used 14934K, capacity 16107K, committed 16204K, reserved 253952K
GC Heap History (10 events):
Event: 3292.221 GC heap before
{Heap before GC invocations=119 (full 0):
 garbage-first heap   total 290816K, used 146900K [0x00000000e0000000, 0x0000000100000000)
  region size 1024K, 14 young (14336K), 3 survivors (3072K)
 Metaspace       used 118912K, capacity 122448K, committed 123340K, reserved 362496K
  class space    used 13883K, capacity 15006K, committed 15308K, reserved 253952K
}
Event: 3292.236 GC heap after
{Heap after GC invocations=120 (full 0):
 garbage-first heap   total 290816K, used 125431K [0x00000000e0000000, 0x0000000100000000)
  region size 1024K, 1 young (1024K), 1 survivors (1024K)
 Metaspace       used 118912K, capacity 122448K, committed 123340K, reserved 362496K
  class space    used 13883K, capacity 15006K, committed 15308K, reserved 253952K
}
Event: 3293.470 GC heap before
{Heap before GC invocations=120 (full 0):
 garbage-first heap   total 290816K, used 180727K [0x00000000e0000000, 0x0000000100000000)
  region size 1024K, 56 young (57344K), 1 survivors (1024K)
 Metaspace       used 125097K, capacity 128674K, committed 129228K, reserved 368640K
  class space    used 14676K, capacity 15877K, committed 16076K, reserved 253952K
}
Event: 3293.478 GC heap after
{Heap after GC invocations=121 (full 0):
 garbage-first heap   total 290816K, used 126777K [0x00000000e0000000, 0x0000000100000000)
  region size 1024K, 3 young (3072K), 3 survivors (3072K)
 Metaspace       used 125097K, capacity 128674K, committed 129228K, reserved 368640K
  class space    used 14676K, capacity 15877K, committed 16076K, reserved 253952K
}
Event: 3296.127 GC heap before
{Heap before GC invocations=122 (full 0):
 garbage-first heap   total 290816K, used 219961K [0x00000000e0000000, 0x0000000100000000)
  region size 1024K, 93 young (95232K), 3 survivors (3072K)
 Metaspace       used 127155K, capacity 130747K, committed 131148K, reserved 370688K
  class space    used 14889K, capacity 16092K, committed 16204K, reserved 253952K
}
Event: 3296.143 GC heap after
{Heap after GC invocations=123 (full 0):
 garbage-first heap   total 290816K, used 136063K [0x00000000e0000000, 0x0000000100000000)
  region size 1024K, 10 young (10240K), 10 survivors (10240K)
 Metaspace       used 127155K, capacity 130747K, committed 131148K, reserved 370688K
  class space    used 14889K, capacity 16092K, committed 16204K, reserved 253952K
}
Event: 3296.189 GC heap before
{Heap before GC invocations=123 (full 0):
 garbage-first heap   total 290816K, used 139135K [0x00000000e0000000, 0x0000000100000000)
  region size 1024K, 14 young (14336K), 10 survivors (10240K)
 Metaspace       used 127155K, capacity 130747K, committed 131148K, reserved 370688K
  class space    used 14889K, capacity 16092K, committed 16204K, reserved 253952K
}
Event: 3296.203 GC heap after
{Heap after GC invocations=124 (full 0):
 garbage-first heap   total 290816K, used 130336K [0x00000000e0000000, 0x0000000100000000)
  region size 1024K, 2 young (2048K), 2 survivors (2048K)
 Metaspace       used 127155K, capacity 130747K, committed 131148K, reserved 370688K
  class space    used 14889K, capacity 16092K, committed 16204K, reserved 253952K
}
Event: 3296.853 GC heap before
{Heap before GC invocations=124 (full 0):
 garbage-first heap   total 290816K, used 165152K [0x00000000e0000000, 0x0000000100000000)
  region size 1024K, 38 young (38912K), 2 survivors (2048K)
 Metaspace       used 127572K, capacity 131241K, committed 131660K, reserved 370688K
  class space    used 14934K, capacity 16107K, committed 16204K, reserved 253952K
}
Event: 3296.861 GC heap after
{Heap after GC invocations=125 (full 0):
 garbage-first heap   total 290816K, used 131000K [0x00000000e0000000, 0x0000000100000000)
  region size 1024K, 2 young (2048K), 2 survivors (2048K)
 Metaspace       used 127572K, capacity 131241K, committed 131660K, reserved 370688K
  class space    used 14934K, capacity 16107K, committed 16204K, reserved 253952K
}

