# JRE version: Java(TM) SE Runtime Environment 18.9 (11.0.13+10) (build 11.0.13+10-LTS-370)
# Java VM: Java HotSpot(TM) 64-Bit Server VM 18.9 (11.0.13+10-LTS-370, mixed mode, tiered, compressed oops, g1 gc, windows-amd64)
Heap:
 garbage-first heap   total 262144K, used 78745K [0x00000000e0000000, 0x0000000100000000)
  region size 1024K, 16 young (16384K), 14 survivors (14336K)
 Metaspace       used 72127K, capacity 74769K, committed 75024K, reserved 319488K
  class space    used 9271K, capacity 10063K, committed 10112K, reserved 253952K
GC Heap History (10 events):
Event: 38.980 GC heap before
{Heap before GC invocations=9 (full 0):
 garbage-first heap   total 262144K, used 112318K [0x00000000e0000000, 0x0000000100000000)
  region size 1024K, 91 young (93184K), 8 survivors (8192K)
 Metaspace       used 40879K, capacity 41692K, committed 41856K, reserved 290816K
  class space    used 5232K, capacity 5492K, committed 5504K, reserved 253952K
}
Event: 39.002 GC heap after
{Heap after GC invocations=10 (full 0):
 garbage-first heap   total 262144K, used 36085K [0x00000000e0000000, 0x0000000100000000)
  region size 1024K, 11 young (11264K), 11 survivors (11264K)
 Metaspace       used 40879K, capacity 41692K, committed 41856K, reserved 290816K
  class space    used 5232K, capacity 5492K, committed 5504K, reserved 253952K
}
Event: 47.903 GC heap before
{Heap before GC invocations=10 (full 0):
 garbage-first heap   total 262144K, used 159989K [0x00000000e0000000, 0x0000000100000000)
  region size 1024K, 132 young (135168K), 11 survivors (11264K)
 Metaspace       used 54248K, capacity 55404K, committed 55680K, reserved 303104K
  class space    used 6873K, capacity 7240K, committed 7296K, reserved 253952K
}
Event: 47.933 GC heap after
{Heap after GC invocations=11 (full 0):
 garbage-first heap   total 262144K, used 46464K [0x00000000e0000000, 0x0000000100000000)
  region size 1024K, 17 young (17408K), 17 survivors (17408K)
 Metaspace       used 54248K, capacity 55404K, committed 55680K, reserved 303104K
  class space    used 6873K, capacity 7240K, committed 7296K, reserved 253952K
}
Event: 65.265 GC heap before
{Heap before GC invocations=11 (full 0):
 garbage-first heap   total 262144K, used 90496K [0x00000000e0000000, 0x0000000100000000)
  region size 1024K, 61 young (62464K), 17 survivors (17408K)
 Metaspace       used 58521K, capacity 59865K, committed 59904K, reserved 307200K
  class space    used 7521K, capacity 7931K, committed 7936K, reserved 253952K
}
Event: 65.292 GC heap after
{Heap after GC invocations=12 (full 0):
 garbage-first heap   total 262144K, used 50067K [0x00000000e0000000, 0x0000000100000000)
  region size 1024K, 3 young (3072K), 3 survivors (3072K)
 Metaspace       used 58521K, capacity 59865K, committed 59904K, reserved 307200K
  class space    used 7521K, capacity 7931K, committed 7936K, reserved 253952K
}
Event: 70.203 GC heap before
{Heap before GC invocations=13 (full 0):
 garbage-first heap   total 262144K, used 149395K [0x00000000e0000000, 0x0000000100000000)
  region size 1024K, 100 young (102400K), 3 survivors (3072K)
 Metaspace       used 68266K, capacity 69901K, committed 70160K, reserved 315392K
  class space    used 8747K, capacity 9340K, committed 9344K, reserved 253952K
}
Event: 70.224 GC heap after
{Heap after GC invocations=14 (full 0):
 garbage-first heap   total 262144K, used 55443K [0x00000000e0000000, 0x0000000100000000)
  region size 1024K, 9 young (9216K), 9 survivors (9216K)
 Metaspace       used 68266K, capacity 69901K, committed 70160K, reserved 315392K
  class space    used 8747K, capacity 9340K, committed 9344K, reserved 253952K
}
Event: 76.123 GC heap before
{Heap before GC invocations=15 (full 0):
 garbage-first heap   total 262144K, used 162963K [0x00000000e0000000, 0x0000000100000000)
  region size 1024K, 111 young (113664K), 9 survivors (9216K)
 Metaspace       used 72094K, capacity 74637K, committed 74768K, reserved 319488K
  class space    used 9267K, capacity 10059K, committed 10112K, reserved 253952K
}
Event: 76.172 GC heap after
{Heap after GC invocations=16 (full 0):
 garbage-first heap   total 262144K, used 77721K [0x00000000e0000000, 0x0000000100000000)
  region size 1024K, 14 young (14336K), 14 survivors (14336K)
 Metaspace       used 72094K, capacity 74637K, committed 74768K, reserved 319488K
  class space    used 9267K, capacity 10059K, committed 10112K, reserved 253952K
}

