# JRE version: Java(TM) SE Runtime Environment 18.9 (11.0.13+10) (build 11.0.13+10-LTS-370)
# Java VM: Java HotSpot(TM) 64-Bit Server VM 18.9 (11.0.13+10-LTS-370, mixed mode, tiered, compressed oops, g1 gc, windows-amd64)
Heap:
 garbage-first heap   total 320512K, used 256168K [0x00000000e0000000, 0x0000000100000000)
  region size 1024K, 15 young (15360K), 3 survivors (3072K)
 Metaspace       used 115802K, capacity 119555K, committed 119672K, reserved 360448K
  class space    used 13752K, capacity 14968K, committed 14968K, reserved 253952K
GC Heap History (10 events):
Event: 496.528 GC heap before
{Heap before GC invocations=132 (full 0):
 garbage-first heap   total 308224K, used 252555K [0x00000000e0000000, 0x0000000100000000)
  region size 1024K, 27 young (27648K), 2 survivors (2048K)
 Metaspace       used 115401K, capacity 119190K, committed 119416K, reserved 358400K
  class space    used 13707K, capacity 14932K, committed 14968K, reserved 253952K
}
Event: 496.547 GC heap after
{Heap after GC invocations=133 (full 0):
 garbage-first heap   total 320512K, used 230400K [0x00000000e0000000, 0x0000000100000000)
  region size 1024K, 4 young (4096K), 4 survivors (4096K)
 Metaspace       used 115401K, capacity 119190K, committed 119416K, reserved 358400K
  class space    used 13707K, capacity 14932K, committed 14968K, reserved 253952K
}
Event: 496.783 GC heap before
{Heap before GC invocations=133 (full 0):
 garbage-first heap   total 320512K, used 260096K [0x00000000e0000000, 0x0000000100000000)
  region size 1024K, 33 young (33792K), 4 survivors (4096K)
 Metaspace       used 115401K, capacity 119190K, committed 119416K, reserved 358400K
  class space    used 13707K, capacity 14932K, committed 14968K, reserved 253952K
}
Event: 496.804 GC heap after
{Heap after GC invocations=134 (full 0):
 garbage-first heap   total 320512K, used 234383K [0x00000000e0000000, 0x0000000100000000)
  region size 1024K, 4 young (4096K), 4 survivors (4096K)
 Metaspace       used 115401K, capacity 119190K, committed 119416K, reserved 358400K
  class space    used 13707K, capacity 14932K, committed 14968K, reserved 253952K
}
Event: 496.955 GC heap before
{Heap before GC invocations=134 (full 0):
 garbage-first heap   total 320512K, used 264079K [0x00000000e0000000, 0x0000000100000000)
  region size 1024K, 33 young (33792K), 4 survivors (4096K)
 Metaspace       used 115405K, capacity 119190K, committed 119416K, reserved 358400K
  class space    used 13707K, capacity 14932K, committed 14968K, reserved 253952K
}
Event: 496.975 GC heap after
{Heap after GC invocations=135 (full 0):
 garbage-first heap   total 320512K, used 238478K [0x00000000e0000000, 0x0000000100000000)
  region size 1024K, 4 young (4096K), 4 survivors (4096K)
 Metaspace       used 115405K, capacity 119190K, committed 119416K, reserved 358400K
  class space    used 13707K, capacity 14932K, committed 14968K, reserved 253952K
}
Event: 497.121 GC heap before
{Heap before GC invocations=135 (full 0):
 garbage-first heap   total 320512K, used 268174K [0x00000000e0000000, 0x0000000100000000)
  region size 1024K, 33 young (33792K), 4 survivors (4096K)
 Metaspace       used 115405K, capacity 119190K, committed 119416K, reserved 358400K
  class space    used 13707K, capacity 14932K, committed 14968K, reserved 253952K
}
Event: 497.142 GC heap after
{Heap after GC invocations=136 (full 0):
 garbage-first heap   total 320512K, used 242029K [0x00000000e0000000, 0x0000000100000000)
  region size 1024K, 4 young (4096K), 4 survivors (4096K)
 Metaspace       used 115405K, capacity 119190K, committed 119416K, reserved 358400K
  class space    used 13707K, capacity 14932K, committed 14968K, reserved 253952K
}
Event: 497.320 GC heap before
{Heap before GC invocations=136 (full 0):
 garbage-first heap   total 320512K, used 270701K [0x00000000e0000000, 0x0000000100000000)
  region size 1024K, 32 young (32768K), 4 survivors (4096K)
 Metaspace       used 115406K, capacity 119190K, committed 119416K, reserved 358400K
  class space    used 13707K, capacity 14932K, committed 14968K, reserved 253952K
}
Event: 497.340 GC heap after
{Heap after GC invocations=137 (full 0):
 garbage-first heap   total 320512K, used 244904K [0x00000000e0000000, 0x0000000100000000)
  region size 1024K, 3 young (3072K), 3 survivors (3072K)
 Metaspace       used 115406K, capacity 119190K, committed 119416K, reserved 358400K
  class space    used 13707K, capacity 14932K, committed 14968K, reserved 253952K
}

