# JRE version: Java(TM) SE Runtime Environment 18.9 (11.0.13+10) (build 11.0.13+10-LTS-370)
# Java VM: Java HotSpot(TM) 64-Bit Server VM 18.9 (11.0.13+10-LTS-370, mixed mode, tiered, compressed oops, g1 gc, windows-amd64)
Heap:
 garbage-first heap   total 524288K, used 302813K [0x00000000e0000000, 0x0000000100000000)
  region size 1024K, 165 young (168960K), 1 survivors (1024K)
 Metaspace       used 127011K, capacity 131076K, committed 131412K, reserved 370688K
  class space    used 14625K, capacity 15962K, committed 16124K, reserved 253952K
GC Heap History (10 events):
Event: 7219.279 GC heap before
{Heap before GC invocations=215 (full 0):
 garbage-first heap   total 524288K, used 311799K [0x00000000e0000000, 0x0000000100000000)
  region size 1024K, 158 young (161792K), 2 survivors (2048K)
 Metaspace       used 125159K, capacity 129177K, committed 129620K, reserved 368640K
  class space    used 14370K, capacity 15695K, committed 15868K, reserved 253952K
}
Event: 7219.307 GC heap after
{Heap after GC invocations=216 (full 0):
 garbage-first heap   total 524288K, used 165658K [0x00000000e0000000, 0x0000000100000000)
  region size 1024K, 15 young (15360K), 15 survivors (15360K)
 Metaspace       used 125159K, capacity 129177K, committed 129620K, reserved 368640K
  class space    used 14370K, capacity 15695K, committed 15868K, reserved 253952K
}
Event: 7220.028 GC heap before
{Heap before GC invocations=216 (full 0):
 garbage-first heap   total 524288K, used 175898K [0x00000000e0000000, 0x0000000100000000)
  region size 1024K, 25 young (25600K), 15 survivors (15360K)
 Metaspace       used 125171K, capacity 129177K, committed 129620K, reserved 368640K
  class space    used 14370K, capacity 15695K, committed 15868K, reserved 253952K
}
Event: 7220.052 GC heap after
{Heap after GC invocations=217 (full 0):
 garbage-first heap   total 524288K, used 138058K [0x00000000e0000000, 0x0000000100000000)
  region size 1024K, 2 young (2048K), 2 survivors (2048K)
 Metaspace       used 125171K, capacity 129177K, committed 129620K, reserved 368640K
  class space    used 14370K, capacity 15695K, committed 15868K, reserved 253952K
}
Event: 7226.572 GC heap before
{Heap before GC invocations=217 (full 0):
 garbage-first heap   total 524288K, used 316234K [0x00000000e0000000, 0x0000000100000000)
  region size 1024K, 176 young (180224K), 2 survivors (2048K)
 Metaspace       used 125171K, capacity 129177K, committed 129620K, reserved 368640K
  class space    used 14370K, capacity 15695K, committed 15868K, reserved 253952K
}
Event: 7226.577 GC heap after
{Heap after GC invocations=218 (full 0):
 garbage-first heap   total 524288K, used 136752K [0x00000000e0000000, 0x0000000100000000)
  region size 1024K, 1 young (1024K), 1 survivors (1024K)
 Metaspace       used 125171K, capacity 129177K, committed 129620K, reserved 368640K
  class space    used 14370K, capacity 15695K, committed 15868K, reserved 253952K
}
Event: 7234.104 GC heap before
{Heap before GC invocations=219 (full 0):
 garbage-first heap   total 524288K, used 328240K [0x00000000e0000000, 0x0000000100000000)
  region size 1024K, 188 young (192512K), 1 survivors (1024K)
 Metaspace       used 125171K, capacity 129177K, committed 129620K, reserved 368640K
  class space    used 14370K, capacity 15695K, committed 15868K, reserved 253952K
}
Event: 7234.109 GC heap after
{Heap after GC invocations=220 (full 0):
 garbage-first heap   total 524288K, used 136588K [0x00000000e0000000, 0x0000000100000000)
  region size 1024K, 1 young (1024K), 1 survivors (1024K)
 Metaspace       used 125171K, capacity 129177K, committed 129620K, reserved 368640K
  class space    used 14370K, capacity 15695K, committed 15868K, reserved 253952K
}
Event: 7234.998 GC heap before
{Heap before GC invocations=220 (full 0):
 garbage-first heap   total 524288K, used 161164K [0x00000000e0000000, 0x0000000100000000)
  region size 1024K, 25 young (25600K), 1 survivors (1024K)
 Metaspace       used 125171K, capacity 129177K, committed 129620K, reserved 368640K
  class space    used 14370K, capacity 15695K, committed 15868K, reserved 253952K
}
Event: 7235.001 GC heap after
{Heap after GC invocations=221 (full 0):
 garbage-first heap   total 524288K, used 135901K [0x00000000e0000000, 0x0000000100000000)
  region size 1024K, 1 young (1024K), 1 survivors (1024K)
 Metaspace       used 125171K, capacity 129177K, committed 129620K, reserved 368640K
  class space    used 14370K, capacity 15695K, committed 15868K, reserved 253952K
}

