# JRE version: Java(TM) SE Runtime Environment 18.9 (11.0.13+10) (build 11.0.13+10-LTS-370)
# Java VM: Java HotSpot(TM) 64-Bit Server VM 18.9 (11.0.13+10-LTS-370, mixed mode, tiered, compressed oops, g1 gc, windows-amd64)
Heap:
 garbage-first heap   total 262144K, used 187392K [0x00000000e0000000, 0x0000000100000000)
  region size 1024K, 95 young (97280K), 13 survivors (13312K)
 Metaspace       used 82202K, capacity 85436K, committed 85496K, reserved 329728K
  class space    used 10264K, capacity 11228K, committed 11256K, reserved 253952K
GC Heap History (10 events):
Event: 36.288 GC heap before
{Heap before GC invocations=11 (full 0):
 garbage-first heap   total 262144K, used 55527K [0x00000000e0000000, 0x0000000100000000)
  region size 1024K, 27 young (27648K), 19 survivors (19456K)
 Metaspace       used 58590K, capacity 59873K, committed 59904K, reserved 307200K
  class space    used 7524K, capacity 7935K, committed 7936K, reserved 253952K
}
Event: 36.312 GC heap after
{Heap after GC invocations=12 (full 0):
 garbage-first heap   total 262144K, used 50735K [0x00000000e0000000, 0x0000000100000000)
  region size 1024K, 2 young (2048K), 2 survivors (2048K)
 Metaspace       used 58590K, capacity 59873K, committed 59904K, reserved 307200K
  class space    used 7524K, capacity 7935K, committed 7936K, reserved 253952K
}
Event: 40.511 GC heap before
{Heap before GC invocations=13 (full 0):
 garbage-first heap   total 262144K, used 151087K [0x00000000e0000000, 0x0000000100000000)
  region size 1024K, 100 young (102400K), 2 survivors (2048K)
 Metaspace       used 68453K, capacity 70098K, committed 70392K, reserved 315392K
  class space    used 8776K, capacity 9384K, committed 9464K, reserved 253952K
}
Event: 40.529 GC heap after
{Heap after GC invocations=14 (full 0):
 garbage-first heap   total 262144K, used 55493K [0x00000000e0000000, 0x0000000100000000)
  region size 1024K, 7 young (7168K), 7 survivors (7168K)
 Metaspace       used 68453K, capacity 70098K, committed 70392K, reserved 315392K
  class space    used 8776K, capacity 9384K, committed 9464K, reserved 253952K
}
Event: 44.644 GC heap before
{Heap before GC invocations=15 (full 0):
 garbage-first heap   total 262144K, used 164037K [0x00000000e0000000, 0x0000000100000000)
  region size 1024K, 111 young (113664K), 7 survivors (7168K)
 Metaspace       used 72215K, capacity 74862K, committed 75128K, reserved 319488K
  class space    used 9274K, capacity 10071K, committed 10104K, reserved 253952K
}
Event: 44.692 GC heap after
{Heap after GC invocations=16 (full 0):
 garbage-first heap   total 262144K, used 79027K [0x00000000e0000000, 0x0000000100000000)
  region size 1024K, 14 young (14336K), 14 survivors (14336K)
 Metaspace       used 72215K, capacity 74862K, committed 75128K, reserved 319488K
  class space    used 9274K, capacity 10071K, committed 10104K, reserved 253952K
}
Event: 384.619 GC heap before
{Heap before GC invocations=16 (full 0):
 garbage-first heap   total 262144K, used 174259K [0x00000000e0000000, 0x0000000100000000)
  region size 1024K, 106 young (108544K), 14 survivors (14336K)
 Metaspace       used 79924K, capacity 82841K, committed 82936K, reserved 327680K
  class space    used 10060K, capacity 10927K, committed 11000K, reserved 253952K
}
Event: 384.677 GC heap after
{Heap after GC invocations=17 (full 0):
 garbage-first heap   total 262144K, used 90112K [0x00000000e0000000, 0x0000000100000000)
  region size 1024K, 10 young (10240K), 10 survivors (10240K)
 Metaspace       used 79924K, capacity 82841K, committed 82936K, reserved 327680K
  class space    used 10060K, capacity 10927K, committed 11000K, reserved 253952K
}
Event: 1641.879 GC heap before
{Heap before GC invocations=17 (full 0):
 garbage-first heap   total 262144K, used 182272K [0x00000000e0000000, 0x0000000100000000)
  region size 1024K, 101 young (103424K), 10 survivors (10240K)
 Metaspace       used 80884K, capacity 83971K, committed 84216K, reserved 327680K
  class space    used 10099K, capacity 10993K, committed 11000K, reserved 253952K
}
Event: 1641.919 GC heap after
{Heap after GC invocations=18 (full 0):
 garbage-first heap   total 262144K, used 104448K [0x00000000e0000000, 0x0000000100000000)
  region size 1024K, 13 young (13312K), 13 survivors (13312K)
 Metaspace       used 80884K, capacity 83971K, committed 84216K, reserved 327680K
  class space    used 10099K, capacity 10993K, committed 11000K, reserved 253952K
}

