# JRE version: Java(TM) SE Runtime Environment 18.9 (11.0.13+10) (build 11.0.13+10-LTS-370)
# Java VM: Java HotSpot(TM) 64-Bit Server VM 18.9 (11.0.13+10-LTS-370, mixed mode, tiered, compressed oops, g1 gc, windows-amd64)
Heap:
 garbage-first heap   total 262144K, used 211968K [0x00000000e0000000, 0x0000000100000000)
  region size 1024K, 6 young (6144K), 3 survivors (3072K)
 Metaspace       used 107854K, capacity 111819K, committed 112152K, reserved 352256K
  class space    used 12821K, capacity 14025K, committed 14104K, reserved 253952K
GC Heap History (10 events):
Event: 405.246 GC heap before
{Heap before GC invocations=83 (full 0):
 garbage-first heap   total 262144K, used 215040K [0x00000000e0000000, 0x0000000100000000)
  region size 1024K, 40 young (40960K), 6 survivors (6144K)
 Metaspace       used 107761K, capacity 111801K, committed 111896K, reserved 352256K
  class space    used 12820K, capacity 14022K, committed 14104K, reserved 253952K
}
Event: 405.270 GC heap after
{Heap after GC invocations=84 (full 0):
 garbage-first heap   total 262144K, used 187785K [0x00000000e0000000, 0x0000000100000000)
  region size 1024K, 5 young (5120K), 5 survivors (5120K)
 Metaspace       used 107761K, capacity 111801K, committed 111896K, reserved 352256K
  class space    used 12820K, capacity 14022K, committed 14104K, reserved 253952K
}
Event: 407.224 GC heap before
{Heap before GC invocations=84 (full 0):
 garbage-first heap   total 262144K, used 218505K [0x00000000e0000000, 0x0000000100000000)
  region size 1024K, 35 young (35840K), 5 survivors (5120K)
 Metaspace       used 107802K, capacity 111813K, committed 111896K, reserved 352256K
  class space    used 12821K, capacity 14024K, committed 14104K, reserved 253952K
}
Event: 407.241 GC heap after
{Heap after GC invocations=85 (full 0):
 garbage-first heap   total 262144K, used 192182K [0x00000000e0000000, 0x0000000100000000)
  region size 1024K, 4 young (4096K), 4 survivors (4096K)
 Metaspace       used 107802K, capacity 111813K, committed 111896K, reserved 352256K
  class space    used 12821K, capacity 14024K, committed 14104K, reserved 253952K
}
Event: 407.541 GC heap before
{Heap before GC invocations=85 (full 0):
 garbage-first heap   total 262144K, used 220854K [0x00000000e0000000, 0x0000000100000000)
  region size 1024K, 32 young (32768K), 4 survivors (4096K)
 Metaspace       used 107818K, capacity 111813K, committed 111896K, reserved 352256K
  class space    used 12821K, capacity 14024K, committed 14104K, reserved 253952K
}
Event: 407.554 GC heap after
{Heap after GC invocations=86 (full 0):
 garbage-first heap   total 262144K, used 196133K [0x00000000e0000000, 0x0000000100000000)
  region size 1024K, 4 young (4096K), 4 survivors (4096K)
 Metaspace       used 107818K, capacity 111813K, committed 111896K, reserved 352256K
  class space    used 12821K, capacity 14024K, committed 14104K, reserved 253952K
}
Event: 407.861 GC heap before
{Heap before GC invocations=86 (full 0):
 garbage-first heap   total 262144K, used 222757K [0x00000000e0000000, 0x0000000100000000)
  region size 1024K, 30 young (30720K), 4 survivors (4096K)
 Metaspace       used 107836K, capacity 111813K, committed 111896K, reserved 352256K
  class space    used 12821K, capacity 14024K, committed 14104K, reserved 253952K
}
Event: 407.878 GC heap after
{Heap after GC invocations=87 (full 0):
 garbage-first heap   total 262144K, used 203776K [0x00000000e0000000, 0x0000000100000000)
  region size 1024K, 4 young (4096K), 4 survivors (4096K)
 Metaspace       used 107836K, capacity 111813K, committed 111896K, reserved 352256K
  class space    used 12821K, capacity 14024K, committed 14104K, reserved 253952K
}
Event: 408.079 GC heap before
{Heap before GC invocations=87 (full 0):
 garbage-first heap   total 262144K, used 223232K [0x00000000e0000000, 0x0000000100000000)
  region size 1024K, 24 young (24576K), 4 survivors (4096K)
 Metaspace       used 107854K, capacity 111819K, committed 112152K, reserved 352256K
  class space    used 12821K, capacity 14025K, committed 14104K, reserved 253952K
}
Event: 408.096 GC heap after
{Heap after GC invocations=88 (full 0):
 garbage-first heap   total 262144K, used 209920K [0x00000000e0000000, 0x0000000100000000)
  region size 1024K, 3 young (3072K), 3 survivors (3072K)
 Metaspace       used 107854K, capacity 111819K, committed 112152K, reserved 352256K
  class space    used 12821K, capacity 14025K, committed 14104K, reserved 253952K
}

