# JRE version: Java(TM) SE Runtime Environment 18.9 (11.0.13+10) (build 11.0.13+10-LTS-370)
# Java VM: Java HotSpot(TM) 64-Bit Server VM 18.9 (11.0.13+10-LTS-370, mixed mode, tiered, compressed oops, g1 gc, windows-amd64)
Heap:
 garbage-first heap   total 262144K, used 33116K [0x00000000e0000000, 0x0000000100000000)
  region size 1024K, 21 young (21504K), 3 survivors (3072K)
 Metaspace       used 23545K, capacity 23908K, committed 23936K, reserved 276480K
  class space    used 3003K, capacity 3172K, committed 3200K, reserved 253952K
GC Heap History (8 events):
Event: 1.002 GC heap before
{Heap before GC invocations=0 (full 0):
 garbage-first heap   total 262144K, used 18432K [0x00000000e0000000, 0x0000000100000000)
  region size 1024K, 14 young (14336K), 0 survivors (0K)
 Metaspace       used 9086K, capacity 9285K, committed 9472K, reserved 264192K
  class space    used 916K, capacity 990K, committed 1024K, reserved 253952K
}
Event: 1.009 GC heap after
{Heap after GC invocations=1 (full 0):
 garbage-first heap   total 262144K, used 7113K [0x00000000e0000000, 0x0000000100000000)
  region size 1024K, 2 young (2048K), 2 survivors (2048K)
 Metaspace       used 9086K, capacity 9285K, committed 9472K, reserved 264192K
  class space    used 916K, capacity 990K, committed 1024K, reserved 253952K
}
Event: 1.456 GC heap before
{Heap before GC invocations=1 (full 0):
 garbage-first heap   total 262144K, used 18377K [0x00000000e0000000, 0x0000000100000000)
  region size 1024K, 13 young (13312K), 2 survivors (2048K)
 Metaspace       used 10260K, capacity 10458K, committed 10624K, reserved 264192K
  class space    used 1078K, capacity 1125K, committed 1152K, reserved 253952K
}
Event: 1.459 GC heap after
{Heap after GC invocations=2 (full 0):
 garbage-first heap   total 262144K, used 7821K [0x00000000e0000000, 0x0000000100000000)
  region size 1024K, 1 young (1024K), 1 survivors (1024K)
 Metaspace       used 10260K, capacity 10458K, committed 10624K, reserved 264192K
  class space    used 1078K, capacity 1125K, committed 1152K, reserved 253952K
}
Event: 2.458 GC heap before
{Heap before GC invocations=2 (full 0):
 garbage-first heap   total 262144K, used 39565K [0x00000000e0000000, 0x0000000100000000)
  region size 1024K, 33 young (33792K), 1 survivors (1024K)
 Metaspace       used 13344K, capacity 13628K, committed 13696K, reserved 266240K
  class space    used 1494K, capacity 1612K, committed 1664K, reserved 253952K
}
Event: 2.467 GC heap after
{Heap after GC invocations=3 (full 0):
 garbage-first heap   total 262144K, used 13250K [0x00000000e0000000, 0x0000000100000000)
  region size 1024K, 5 young (5120K), 5 survivors (5120K)
 Metaspace       used 13344K, capacity 13628K, committed 13696K, reserved 266240K
  class space    used 1494K, capacity 1612K, committed 1664K, reserved 253952K
}
Event: 3.694 GC heap before
{Heap before GC invocations=3 (full 0):
 garbage-first heap   total 262144K, used 57282K [0x00000000e0000000, 0x0000000100000000)
  region size 1024K, 49 young (50176K), 5 survivors (5120K)
 Metaspace       used 20843K, capacity 21218K, committed 21248K, reserved 272384K
  class space    used 2633K, capacity 2787K, committed 2816K, reserved 253952K
}
Event: 3.705 GC heap after
{Heap after GC invocations=4 (full 0):
 garbage-first heap   total 262144K, used 15708K [0x00000000e0000000, 0x0000000100000000)
  region size 1024K, 3 young (3072K), 3 survivors (3072K)
 Metaspace       used 20843K, capacity 21218K, committed 21248K, reserved 272384K
  class space    used 2633K, capacity 2787K, committed 2816K, reserved 253952K
}

