# JRE version: Java(TM) SE Runtime Environment 18.9 (11.0.13+10) (build 11.0.13+10-LTS-370)
# Java VM: Java HotSpot(TM) 64-Bit Server VM 18.9 (11.0.13+10-LTS-370, mixed mode, tiered, compressed oops, g1 gc, windows-amd64)
Heap:
 garbage-first heap   total 262144K, used 241535K [0x00000000e0000000, 0x0000000100000000)
  region size 1024K, 10 young (10240K), 2 survivors (2048K)
 Metaspace       used 92419K, capacity 95887K, committed 96120K, reserved 337920K
  class space    used 11586K, capacity 12613K, committed 12664K, reserved 253952K
GC Heap History (10 events):
Event: 194.780 GC heap before
{Heap before GC invocations=30 (full 0):
 garbage-first heap   total 262144K, used 215934K [0x00000000e0000000, 0x0000000100000000)
  region size 1024K, 12 young (12288K), 4 survivors (4096K)
 Metaspace       used 91285K, capacity 94716K, committed 94968K, reserved 337920K
  class space    used 11456K, capacity 12460K, committed 12536K, reserved 253952K
}
Event: 194.804 GC heap after
{Heap after GC invocations=31 (full 0):
 garbage-first heap   total 262144K, used 210432K [0x00000000e0000000, 0x0000000100000000)
  region size 1024K, 2 young (2048K), 2 survivors (2048K)
 Metaspace       used 91285K, capacity 94716K, committed 94968K, reserved 337920K
  class space    used 11456K, capacity 12460K, committed 12536K, reserved 253952K
}
Event: 194.923 GC heap before
{Heap before GC invocations=31 (full 0):
 garbage-first heap   total 262144K, used 221696K [0x00000000e0000000, 0x0000000100000000)
  region size 1024K, 13 young (13312K), 2 survivors (2048K)
 Metaspace       used 91290K, capacity 94716K, committed 94968K, reserved 337920K
  class space    used 11456K, capacity 12460K, committed 12536K, reserved 253952K
}
Event: 194.939 GC heap after
{Heap after GC invocations=32 (full 0):
 garbage-first heap   total 262144K, used 218623K [0x00000000e0000000, 0x0000000100000000)
  region size 1024K, 2 young (2048K), 2 survivors (2048K)
 Metaspace       used 91290K, capacity 94716K, committed 94968K, reserved 337920K
  class space    used 11456K, capacity 12460K, committed 12536K, reserved 253952K
}
Event: 195.192 GC heap before
{Heap before GC invocations=32 (full 0):
 garbage-first heap   total 262144K, used 228863K [0x00000000e0000000, 0x0000000100000000)
  region size 1024K, 12 young (12288K), 2 survivors (2048K)
 Metaspace       used 91314K, capacity 94716K, committed 94968K, reserved 337920K
  class space    used 11456K, capacity 12460K, committed 12536K, reserved 253952K
}
Event: 195.207 GC heap after
{Heap after GC invocations=33 (full 0):
 garbage-first heap   total 262144K, used 225280K [0x00000000e0000000, 0x0000000100000000)
  region size 1024K, 2 young (2048K), 2 survivors (2048K)
 Metaspace       used 91314K, capacity 94716K, committed 94968K, reserved 337920K
  class space    used 11456K, capacity 12460K, committed 12536K, reserved 253952K
}
Event: 195.413 GC heap before
{Heap before GC invocations=33 (full 0):
 garbage-first heap   total 262144K, used 235520K [0x00000000e0000000, 0x0000000100000000)
  region size 1024K, 12 young (12288K), 2 survivors (2048K)
 Metaspace       used 91337K, capacity 94720K, committed 94968K, reserved 337920K
  class space    used 11457K, capacity 12461K, committed 12536K, reserved 253952K
}
Event: 195.427 GC heap after
{Heap after GC invocations=34 (full 0):
 garbage-first heap   total 262144K, used 232075K [0x00000000e0000000, 0x0000000100000000)
  region size 1024K, 2 young (2048K), 2 survivors (2048K)
 Metaspace       used 91337K, capacity 94720K, committed 94968K, reserved 337920K
  class space    used 11457K, capacity 12461K, committed 12536K, reserved 253952K
}
Event: 196.734 GC heap before
{Heap before GC invocations=35 (full 0):
 garbage-first heap   total 262144K, used 241291K [0x00000000e0000000, 0x0000000100000000)
  region size 1024K, 12 young (12288K), 2 survivors (2048K)
 Metaspace       used 92249K, capacity 95706K, committed 95864K, reserved 337920K
  class space    used 11570K, capacity 12596K, committed 12664K, reserved 253952K
}
Event: 196.752 GC heap after
{Heap after GC invocations=36 (full 0):
 garbage-first heap   total 262144K, used 234367K [0x00000000e0000000, 0x0000000100000000)
  region size 1024K, 2 young (2048K), 2 survivors (2048K)
 Metaspace       used 92249K, capacity 95706K, committed 95864K, reserved 337920K
  class space    used 11570K, capacity 12596K, committed 12664K, reserved 253952K
}

