# JRE version: Java(TM) SE Runtime Environment 18.9 (11.0.13+10) (build 11.0.13+10-LTS-370)
# Java VM: Java HotSpot(TM) 64-Bit Server VM 18.9 (11.0.13+10-LTS-370, mixed mode, tiered, compressed oops, g1 gc, windows-amd64)
Heap:
 garbage-first heap   total 262144K, used 154048K [0x00000000e0000000, 0x0000000100000000)
  region size 1024K, 11 young (11264K), 8 survivors (8192K)
 Metaspace       used 101686K, capacity 105075K, committed 105336K, reserved 346112K
  class space    used 12358K, capacity 13395K, committed 13432K, reserved 253952K
GC Heap History (10 events):
Event: 747.236 GC heap before
{Heap before GC invocations=33 (full 0):
 garbage-first heap   total 262144K, used 145298K [0x00000000e0000000, 0x0000000100000000)
  region size 1024K, 12 young (12288K), 2 survivors (2048K)
 Metaspace       used 89661K, capacity 92842K, committed 93688K, reserved 335872K
  class space    used 11057K, capacity 11979K, committed 12280K, reserved 253952K
}
Event: 747.249 GC heap after
{Heap after GC invocations=34 (full 0):
 garbage-first heap   total 262144K, used 134425K [0x00000000e0000000, 0x0000000100000000)
  region size 1024K, 1 young (1024K), 1 survivors (1024K)
 Metaspace       used 89661K, capacity 92842K, committed 93688K, reserved 335872K
  class space    used 11057K, capacity 11979K, committed 12280K, reserved 253952K
}
Event: 749.906 GC heap before
{Heap before GC invocations=34 (full 0):
 garbage-first heap   total 262144K, used 196889K [0x00000000e0000000, 0x0000000100000000)
  region size 1024K, 63 young (64512K), 1 survivors (1024K)
 Metaspace       used 90960K, capacity 94213K, committed 94840K, reserved 337920K
  class space    used 11187K, capacity 12125K, committed 12408K, reserved 253952K
}
Event: 749.921 GC heap after
{Heap after GC invocations=35 (full 0):
 garbage-first heap   total 262144K, used 138613K [0x00000000e0000000, 0x0000000100000000)
  region size 1024K, 5 young (5120K), 5 survivors (5120K)
 Metaspace       used 90960K, capacity 94213K, committed 94840K, reserved 337920K
  class space    used 11187K, capacity 12125K, committed 12408K, reserved 253952K
}
Event: 754.326 GC heap before
{Heap before GC invocations=36 (full 0):
 garbage-first heap   total 262144K, used 204149K [0x00000000e0000000, 0x0000000100000000)
  region size 1024K, 68 young (69632K), 5 survivors (5120K)
 Metaspace       used 100563K, capacity 103976K, committed 104312K, reserved 346112K
  class space    used 12269K, capacity 13309K, committed 13432K, reserved 253952K
}
Event: 754.345 GC heap after
{Heap after GC invocations=37 (full 0):
 garbage-first heap   total 262144K, used 145811K [0x00000000e0000000, 0x0000000100000000)
  region size 1024K, 9 young (9216K), 9 survivors (9216K)
 Metaspace       used 100563K, capacity 103976K, committed 104312K, reserved 346112K
  class space    used 12269K, capacity 13309K, committed 13432K, reserved 253952K
}
Event: 754.412 GC heap before
{Heap before GC invocations=37 (full 0):
 garbage-first heap   total 262144K, used 147859K [0x00000000e0000000, 0x0000000100000000)
  region size 1024K, 12 young (12288K), 9 survivors (9216K)
 Metaspace       used 100586K, capacity 103976K, committed 104312K, reserved 346112K
  class space    used 12272K, capacity 13309K, committed 13432K, reserved 253952K
}
Event: 754.436 GC heap after
{Heap after GC invocations=38 (full 0):
 garbage-first heap   total 262144K, used 141626K [0x00000000e0000000, 0x0000000100000000)
  region size 1024K, 2 young (2048K), 2 survivors (2048K)
 Metaspace       used 100586K, capacity 103976K, committed 104312K, reserved 346112K
  class space    used 12272K, capacity 13309K, committed 13432K, reserved 253952K
}
Event: 756.939 GC heap before
{Heap before GC invocations=38 (full 0):
 garbage-first heap   total 262144K, used 207162K [0x00000000e0000000, 0x0000000100000000)
  region size 1024K, 64 young (65536K), 2 survivors (2048K)
 Metaspace       used 101630K, capacity 105008K, committed 105080K, reserved 346112K
  class space    used 12358K, capacity 13395K, committed 13432K, reserved 253952K
}
Event: 756.957 GC heap after
{Heap after GC invocations=39 (full 0):
 garbage-first heap   total 262144K, used 152000K [0x00000000e0000000, 0x0000000100000000)
  region size 1024K, 8 young (8192K), 8 survivors (8192K)
 Metaspace       used 101630K, capacity 105008K, committed 105080K, reserved 346112K
  class space    used 12358K, capacity 13395K, committed 13432K, reserved 253952K
}

