# JRE version: Java(TM) SE Runtime Environment 18.9 (11.0.13+10) (build 11.0.13+10-LTS-370)
# Java VM: Java HotSpot(TM) 64-Bit Server VM 18.9 (11.0.13+10-LTS-370, mixed mode, tiered, compressed oops, g1 gc, windows-amd64)
Heap:
 garbage-first heap   total 262144K, used 77012K [0x00000000e0000000, 0x0000000100000000)
  region size 1024K, 52 young (53248K), 11 survivors (11264K)
 Metaspace       used 48831K, capacity 49858K, committed 50176K, reserved 299008K
  class space    used 6205K, capacity 6552K, committed 6656K, reserved 253952K
GC Heap History (10 events):
Event: 4.446 GC heap before
{Heap before GC invocations=3 (full 0):
 garbage-first heap   total 262144K, used 57039K [0x00000000e0000000, 0x0000000100000000)
  region size 1024K, 47 young (48128K), 4 survivors (4096K)
 Metaspace       used 20195K, capacity 20570K, committed 20736K, reserved 272384K
  class space    used 2554K, capacity 2719K, committed 2816K, reserved 253952K
}
Event: 4.453 GC heap after
{Heap after GC invocations=4 (full 0):
 garbage-first heap   total 262144K, used 15213K [0x00000000e0000000, 0x0000000100000000)
  region size 1024K, 3 young (3072K), 3 survivors (3072K)
 Metaspace       used 20195K, capacity 20570K, committed 20736K, reserved 272384K
  class space    used 2554K, capacity 2719K, committed 2816K, reserved 253952K
}
Event: 4.562 GC heap before
{Heap before GC invocations=4 (full 0):
 garbage-first heap   total 262144K, used 17261K [0x00000000e0000000, 0x0000000100000000)
  region size 1024K, 6 young (6144K), 3 survivors (3072K)
 Metaspace       used 20792K, capacity 21123K, committed 21248K, reserved 272384K
  class space    used 2623K, capacity 2754K, committed 2816K, reserved 253952K
}
Event: 4.566 GC heap after
{Heap after GC invocations=5 (full 0):
 garbage-first heap   total 262144K, used 15341K [0x00000000e0000000, 0x0000000100000000)
  region size 1024K, 3 young (3072K), 3 survivors (3072K)
 Metaspace       used 20792K, capacity 21123K, committed 21248K, reserved 272384K
  class space    used 2623K, capacity 2754K, committed 2816K, reserved 253952K
}
Event: 6.955 GC heap before
{Heap before GC invocations=6 (full 0):
 garbage-first heap   total 262144K, used 78829K [0x00000000e0000000, 0x0000000100000000)
  region size 1024K, 63 young (64512K), 3 survivors (3072K)
 Metaspace       used 31675K, capacity 32266K, committed 32512K, reserved 282624K
  class space    used 3851K, capacity 4059K, committed 4096K, reserved 253952K
}
Event: 6.966 GC heap after
{Heap after GC invocations=7 (full 0):
 garbage-first heap   total 262144K, used 19965K [0x00000000e0000000, 0x0000000100000000)
  region size 1024K, 7 young (7168K), 7 survivors (7168K)
 Metaspace       used 31675K, capacity 32266K, committed 32512K, reserved 282624K
  class space    used 3851K, capacity 4059K, committed 4096K, reserved 253952K
}
Event: 16.666 GC heap before
{Heap before GC invocations=7 (full 0):
 garbage-first heap   total 262144K, used 55805K [0x00000000e0000000, 0x0000000100000000)
  region size 1024K, 44 young (45056K), 7 survivors (7168K)
 Metaspace       used 35141K, capacity 35692K, committed 35840K, reserved 286720K
  class space    used 4385K, capacity 4580K, committed 4608K, reserved 253952K
}
Event: 16.680 GC heap after
{Heap after GC invocations=8 (full 0):
 garbage-first heap   total 262144K, used 22589K [0x00000000e0000000, 0x0000000100000000)
  region size 1024K, 10 young (10240K), 10 survivors (10240K)
 Metaspace       used 35141K, capacity 35692K, committed 35840K, reserved 286720K
  class space    used 4385K, capacity 4580K, committed 4608K, reserved 253952K
}
Event: 18.809 GC heap before
{Heap before GC invocations=9 (full 0):
 garbage-first heap   total 262144K, used 113725K [0x00000000e0000000, 0x0000000100000000)
  region size 1024K, 95 young (97280K), 10 survivors (10240K)
 Metaspace       used 40908K, capacity 41721K, committed 41856K, reserved 290816K
  class space    used 5239K, capacity 5498K, committed 5504K, reserved 253952K
}
Event: 18.832 GC heap after
{Heap after GC invocations=10 (full 0):
 garbage-first heap   total 262144K, used 36052K [0x00000000e0000000, 0x0000000100000000)
  region size 1024K, 11 young (11264K), 11 survivors (11264K)
 Metaspace       used 40908K, capacity 41721K, committed 41856K, reserved 290816K
  class space    used 5239K, capacity 5498K, committed 5504K, reserved 253952K
}

