# JRE version: Java(TM) SE Runtime Environment 18.9 (11.0.13+10) (build 11.0.13+10-LTS-370)
# Java VM: Java HotSpot(TM) 64-Bit Server VM 18.9 (11.0.13+10-LTS-370, mixed mode, tiered, compressed oops, g1 gc, windows-amd64)
Heap:
 garbage-first heap   total 524288K, used 363904K [0x00000000e0000000, 0x0000000100000000)
  region size 1024K, 84 young (86016K), 2 survivors (2048K)
 Metaspace       used 125378K, capacity 129368K, committed 129996K, reserved 368640K
  class space    used 14499K, capacity 15785K, committed 16076K, reserved 253952K
GC Heap History (10 events):
Event: 5947.250 GC heap before
{Heap before GC invocations=236 (full 0):
 garbage-first heap   total 524288K, used 292864K [0x00000000e0000000, 0x0000000100000000)
  region size 1024K, 25 young (25600K), 21 survivors (21504K)
 Metaspace       used 125343K, capacity 129304K, committed 129996K, reserved 368640K
  class space    used 14499K, capacity 15785K, committed 16076K, reserved 253952K
}
Event: 5947.292 GC heap after
{Heap after GC invocations=237 (full 0):
 garbage-first heap   total 524288K, used 286813K [0x00000000e0000000, 0x0000000100000000)
  region size 1024K, 3 young (3072K), 3 survivors (3072K)
 Metaspace       used 125343K, capacity 129304K, committed 129996K, reserved 368640K
  class space    used 14499K, capacity 15785K, committed 16076K, reserved 253952K
}
Event: 5947.401 GC heap before
{Heap before GC invocations=237 (full 0):
 garbage-first heap   total 524288K, used 303197K [0x00000000e0000000, 0x0000000100000000)
  region size 1024K, 20 young (20480K), 3 survivors (3072K)
 Metaspace       used 125343K, capacity 129304K, committed 129996K, reserved 368640K
  class space    used 14499K, capacity 15785K, committed 16076K, reserved 253952K
}
Event: 5947.425 GC heap after
{Heap after GC invocations=238 (full 0):
 garbage-first heap   total 524288K, used 292127K [0x00000000e0000000, 0x0000000100000000)
  region size 1024K, 8 young (8192K), 8 survivors (8192K)
 Metaspace       used 125343K, capacity 129304K, committed 129996K, reserved 368640K
  class space    used 14499K, capacity 15785K, committed 16076K, reserved 253952K
}
Event: 5950.186 GC heap before
{Heap before GC invocations=239 (full 0):
 garbage-first heap   total 524288K, used 333087K [0x00000000e0000000, 0x0000000100000000)
  region size 1024K, 114 young (116736K), 8 survivors (8192K)
 Metaspace       used 125366K, capacity 129368K, committed 129996K, reserved 368640K
  class space    used 14499K, capacity 15785K, committed 16076K, reserved 253952K
}
Event: 5950.366 GC heap after
{Heap after GC invocations=240 (full 0):
 garbage-first heap   total 524288K, used 273789K [0x00000000e0000000, 0x0000000100000000)
  region size 1024K, 15 young (15360K), 15 survivors (15360K)
 Metaspace       used 125366K, capacity 129368K, committed 129996K, reserved 368640K
  class space    used 14499K, capacity 15785K, committed 16076K, reserved 253952K
}
Event: 5950.649 GC heap before
{Heap before GC invocations=240 (full 0):
 garbage-first heap   total 524288K, used 284029K [0x00000000e0000000, 0x0000000100000000)
  region size 1024K, 25 young (25600K), 15 survivors (15360K)
 Metaspace       used 125369K, capacity 129368K, committed 129996K, reserved 368640K
  class space    used 14499K, capacity 15785K, committed 16076K, reserved 253952K
}
Event: 5950.747 GC heap after
{Heap after GC invocations=241 (full 0):
 garbage-first heap   total 524288K, used 255360K [0x00000000e0000000, 0x0000000100000000)
  region size 1024K, 3 young (3072K), 3 survivors (3072K)
 Metaspace       used 125369K, capacity 129368K, committed 129996K, reserved 368640K
  class space    used 14499K, capacity 15785K, committed 16076K, reserved 253952K
}
Event: 5950.766 GC heap before
{Heap before GC invocations=241 (full 0):
 garbage-first heap   total 524288K, used 255360K [0x00000000e0000000, 0x0000000100000000)
  region size 1024K, 4 young (4096K), 3 survivors (3072K)
 Metaspace       used 125369K, capacity 129368K, committed 129996K, reserved 368640K
  class space    used 14499K, capacity 15785K, committed 16076K, reserved 253952K
}
Event: 5950.778 GC heap after
{Heap after GC invocations=242 (full 0):
 garbage-first heap   total 524288K, used 254336K [0x00000000e0000000, 0x0000000100000000)
  region size 1024K, 2 young (2048K), 2 survivors (2048K)
 Metaspace       used 125369K, capacity 129368K, committed 129996K, reserved 368640K
  class space    used 14499K, capacity 15785K, committed 16076K, reserved 253952K
}

