# JRE version: Java(TM) SE Runtime Environment 18.9 (11.0.13+10) (build 11.0.13+10-LTS-370)
# Java VM: Java HotSpot(TM) 64-Bit Server VM 18.9 (11.0.13+10-LTS-370, mixed mode, tiered, compressed oops, g1 gc, windows-amd64)
Heap:
 garbage-first heap   total 262144K, used 197558K [0x00000000e0000000, 0x0000000100000000)
  region size 1024K, 22 young (22528K), 3 survivors (3072K)
 Metaspace       used 104942K, capacity 108290K, committed 108620K, reserved 350208K
  class space    used 12538K, capacity 13595K, committed 13696K, reserved 253952K
GC Heap History (10 events):
Event: 178.668 GC heap before
{Heap before GC invocations=56 (full 0):
 garbage-first heap   total 262144K, used 215887K [0x00000000e0000000, 0x0000000100000000)
  region size 1024K, 63 young (64512K), 8 survivors (8192K)
 Metaspace       used 104551K, capacity 107956K, committed 108108K, reserved 350208K
  class space    used 12526K, capacity 13573K, committed 13696K, reserved 253952K
}
Event: 178.682 GC heap after
{Heap after GC invocations=57 (full 0):
 garbage-first heap   total 262144K, used 163675K [0x00000000e0000000, 0x0000000100000000)
  region size 1024K, 5 young (5120K), 5 survivors (5120K)
 Metaspace       used 104551K, capacity 107956K, committed 108108K, reserved 350208K
  class space    used 12526K, capacity 13573K, committed 13696K, reserved 253952K
}
Event: 179.444 GC heap before
{Heap before GC invocations=57 (full 0):
 garbage-first heap   total 262144K, used 170843K [0x00000000e0000000, 0x0000000100000000)
  region size 1024K, 12 young (12288K), 5 survivors (5120K)
 Metaspace       used 104551K, capacity 107956K, committed 108108K, reserved 350208K
  class space    used 12526K, capacity 13573K, committed 13696K, reserved 253952K
}
Event: 179.455 GC heap after
{Heap after GC invocations=58 (full 0):
 garbage-first heap   total 262144K, used 161262K [0x00000000e0000000, 0x0000000100000000)
  region size 1024K, 2 young (2048K), 2 survivors (2048K)
 Metaspace       used 104551K, capacity 107956K, committed 108108K, reserved 350208K
  class space    used 12526K, capacity 13573K, committed 13696K, reserved 253952K
}
Event: 181.129 GC heap before
{Heap before GC invocations=58 (full 0):
 garbage-first heap   total 262144K, used 217582K [0x00000000e0000000, 0x0000000100000000)
  region size 1024K, 56 young (57344K), 2 survivors (2048K)
 Metaspace       used 104644K, capacity 108070K, committed 108364K, reserved 350208K
  class space    used 12534K, capacity 13589K, committed 13696K, reserved 253952K
}
Event: 181.142 GC heap after
{Heap after GC invocations=59 (full 0):
 garbage-first heap   total 262144K, used 170993K [0x00000000e0000000, 0x0000000100000000)
  region size 1024K, 7 young (7168K), 7 survivors (7168K)
 Metaspace       used 104644K, capacity 108070K, committed 108364K, reserved 350208K
  class space    used 12534K, capacity 13589K, committed 13696K, reserved 253952K
}
Event: 182.483 GC heap before
{Heap before GC invocations=59 (full 0):
 garbage-first heap   total 262144K, used 221169K [0x00000000e0000000, 0x0000000100000000)
  region size 1024K, 55 young (56320K), 7 survivors (7168K)
 Metaspace       used 104754K, capacity 108096K, committed 108364K, reserved 350208K
  class space    used 12538K, capacity 13595K, committed 13696K, reserved 253952K
}
Event: 182.498 GC heap after
{Heap after GC invocations=60 (full 0):
 garbage-first heap   total 262144K, used 178193K [0x00000000e0000000, 0x0000000100000000)
  region size 1024K, 6 young (6144K), 6 survivors (6144K)
 Metaspace       used 104754K, capacity 108096K, committed 108364K, reserved 350208K
  class space    used 12538K, capacity 13595K, committed 13696K, reserved 253952K
}
Event: 184.421 GC heap before
{Heap before GC invocations=60 (full 0):
 garbage-first heap   total 262144K, used 221201K [0x00000000e0000000, 0x0000000100000000)
  region size 1024K, 48 young (49152K), 6 survivors (6144K)
 Metaspace       used 104938K, capacity 108290K, committed 108620K, reserved 350208K
  class space    used 12538K, capacity 13595K, committed 13696K, reserved 253952K
}
Event: 184.435 GC heap after
{Heap after GC invocations=61 (full 0):
 garbage-first heap   total 262144K, used 179126K [0x00000000e0000000, 0x0000000100000000)
  region size 1024K, 3 young (3072K), 3 survivors (3072K)
 Metaspace       used 104938K, capacity 108290K, committed 108620K, reserved 350208K
  class space    used 12538K, capacity 13595K, committed 13696K, reserved 253952K
}

