# JRE version: Java(TM) SE Runtime Environment 18.9 (11.0.13+10) (build 11.0.13+10-LTS-370)
# Java VM: Java HotSpot(TM) 64-Bit Server VM 18.9 (11.0.13+10-LTS-370, mixed mode, tiered, compressed oops, g1 gc, windows-amd64)
Heap:
 garbage-first heap   total 262144K, used 52771K [0x00000000e0000000, 0x0000000100000000)
  region size 1024K, 41 young (41984K), 3 survivors (3072K)
 Metaspace       used 28426K, capacity 28924K, committed 29184K, reserved 280576K
  class space    used 3539K, capacity 3755K, committed 3840K, reserved 253952K
GC Heap History (10 events):
Event: 1.376 GC heap before
{Heap before GC invocations=0 (full 0):
 garbage-first heap   total 262144K, used 18432K [0x00000000e0000000, 0x0000000100000000)
  region size 1024K, 14 young (14336K), 0 survivors (0K)
 Metaspace       used 9075K, capacity 9285K, committed 9472K, reserved 264192K
  class space    used 915K, capacity 990K, committed 1024K, reserved 253952K
}
Event: 1.392 GC heap after
{Heap after GC invocations=1 (full 0):
 garbage-first heap   total 262144K, used 7155K [0x00000000e0000000, 0x0000000100000000)
  region size 1024K, 2 young (2048K), 2 survivors (2048K)
 Metaspace       used 9075K, capacity 9285K, committed 9472K, reserved 264192K
  class space    used 915K, capacity 990K, committed 1024K, reserved 253952K
}
Event: 2.063 GC heap before
{Heap before GC invocations=1 (full 0):
 garbage-first heap   total 262144K, used 18419K [0x00000000e0000000, 0x0000000100000000)
  region size 1024K, 13 young (13312K), 2 survivors (2048K)
 Metaspace       used 10255K, capacity 10458K, committed 10624K, reserved 264192K
  class space    used 1078K, capacity 1125K, committed 1152K, reserved 253952K
}
Event: 2.066 GC heap after
{Heap after GC invocations=2 (full 0):
 garbage-first heap   total 262144K, used 7772K [0x00000000e0000000, 0x0000000100000000)
  region size 1024K, 1 young (1024K), 1 survivors (1024K)
 Metaspace       used 10255K, capacity 10458K, committed 10624K, reserved 264192K
  class space    used 1078K, capacity 1125K, committed 1152K, reserved 253952K
}
Event: 3.486 GC heap before
{Heap before GC invocations=2 (full 0):
 garbage-first heap   total 262144K, used 38492K [0x00000000e0000000, 0x0000000100000000)
  region size 1024K, 32 young (32768K), 1 survivors (1024K)
 Metaspace       used 13162K, capacity 13413K, committed 13696K, reserved 266240K
  class space    used 1455K, capacity 1538K, committed 1664K, reserved 253952K
}
Event: 3.494 GC heap after
{Heap after GC invocations=3 (full 0):
 garbage-first heap   total 262144K, used 12875K [0x00000000e0000000, 0x0000000100000000)
  region size 1024K, 4 young (4096K), 4 survivors (4096K)
 Metaspace       used 13162K, capacity 13413K, committed 13696K, reserved 266240K
  class space    used 1455K, capacity 1538K, committed 1664K, reserved 253952K
}
Event: 5.529 GC heap before
{Heap before GC invocations=3 (full 0):
 garbage-first heap   total 262144K, used 54859K [0x00000000e0000000, 0x0000000100000000)
  region size 1024K, 45 young (46080K), 4 survivors (4096K)
 Metaspace       used 20034K, capacity 20406K, committed 20608K, reserved 272384K
  class space    used 2531K, capacity 2687K, committed 2688K, reserved 253952K
}
Event: 5.541 GC heap after
{Heap after GC invocations=4 (full 0):
 garbage-first heap   total 262144K, used 15825K [0x00000000e0000000, 0x0000000100000000)
  region size 1024K, 3 young (3072K), 3 survivors (3072K)
 Metaspace       used 20034K, capacity 20406K, committed 20608K, reserved 272384K
  class space    used 2531K, capacity 2687K, committed 2688K, reserved 253952K
}
Event: 5.708 GC heap before
{Heap before GC invocations=4 (full 0):
 garbage-first heap   total 262144K, used 18897K [0x00000000e0000000, 0x0000000100000000)
  region size 1024K, 7 young (7168K), 3 survivors (3072K)
 Metaspace       used 20812K, capacity 21186K, committed 21248K, reserved 272384K
  class space    used 2626K, capacity 2755K, committed 2816K, reserved 253952K
}
Event: 5.711 GC heap after
{Heap after GC invocations=5 (full 0):
 garbage-first heap   total 262144K, used 15907K [0x00000000e0000000, 0x0000000100000000)
  region size 1024K, 3 young (3072K), 3 survivors (3072K)
 Metaspace       used 20812K, capacity 21186K, committed 21248K, reserved 272384K
  class space    used 2626K, capacity 2755K, committed 2816K, reserved 253952K
}

