# JRE version: Java(TM) SE Runtime Environment 18.9 (11.0.13+10) (build 11.0.13+10-LTS-370)
# Java VM: Java HotSpot(TM) 64-Bit Server VM 18.9 (11.0.13+10-LTS-370, mixed mode, tiered, compressed oops, g1 gc, windows-amd64)
Heap:
 garbage-first heap   total 262144K, used 160929K [0x00000000e0000000, 0x0000000100000000)
  region size 1024K, 34 young (34816K), 9 survivors (9216K)
 Metaspace       used 95953K, capacity 99106K, committed 99320K, reserved 342016K
  class space    used 11949K, capacity 12986K, committed 13048K, reserved 253952K
GC Heap History (10 events):
Event: 52.558 GC heap before
{Heap before GC invocations=15 (full 0):
 garbage-first heap   total 262144K, used 200704K [0x00000000e0000000, 0x0000000100000000)
  region size 1024K, 130 young (133120K), 19 survivors (19456K)
 Metaspace       used 80971K, capacity 83900K, committed 84216K, reserved 327680K
  class space    used 10271K, capacity 11141K, committed 11256K, reserved 253952K
}
Event: 52.613 GC heap after
{Heap after GC invocations=16 (full 0):
 garbage-first heap   total 262144K, used 104960K [0x00000000e0000000, 0x0000000100000000)
  region size 1024K, 17 young (17408K), 17 survivors (17408K)
 Metaspace       used 80971K, capacity 83900K, committed 84216K, reserved 327680K
  class space    used 10271K, capacity 11141K, committed 11256K, reserved 253952K
}
Event: 55.526 GC heap before
{Heap before GC invocations=16 (full 0):
 garbage-first heap   total 262144K, used 201216K [0x00000000e0000000, 0x0000000100000000)
  region size 1024K, 112 young (114688K), 17 survivors (17408K)
 Metaspace       used 82406K, capacity 85412K, committed 85624K, reserved 329728K
  class space    used 10437K, capacity 11340K, committed 11384K, reserved 253952K
}
Event: 55.571 GC heap after
{Heap after GC invocations=17 (full 0):
 garbage-first heap   total 262144K, used 118784K [0x00000000e0000000, 0x0000000100000000)
  region size 1024K, 13 young (13312K), 13 survivors (13312K)
 Metaspace       used 82406K, capacity 85412K, committed 85624K, reserved 329728K
  class space    used 10437K, capacity 11340K, committed 11384K, reserved 253952K
}
Event: 59.786 GC heap before
{Heap before GC invocations=17 (full 0):
 garbage-first heap   total 262144K, used 203776K [0x00000000e0000000, 0x0000000100000000)
  region size 1024K, 97 young (99328K), 13 survivors (13312K)
 Metaspace       used 85130K, capacity 88214K, committed 88312K, reserved 331776K
  class space    used 10766K, capacity 11683K, committed 11768K, reserved 253952K
}
Event: 59.813 GC heap after
{Heap after GC invocations=18 (full 0):
 garbage-first heap   total 262144K, used 123904K [0x00000000e0000000, 0x0000000100000000)
  region size 1024K, 6 young (6144K), 6 survivors (6144K)
 Metaspace       used 85130K, capacity 88214K, committed 88312K, reserved 331776K
  class space    used 10766K, capacity 11683K, committed 11768K, reserved 253952K
}
Event: 61.736 GC heap before
{Heap before GC invocations=18 (full 0):
 garbage-first heap   total 262144K, used 161792K [0x00000000e0000000, 0x0000000100000000)
  region size 1024K, 45 young (46080K), 6 survivors (6144K)
 Metaspace       used 92341K, capacity 95523K, committed 95608K, reserved 337920K
  class space    used 11636K, capacity 12638K, committed 12664K, reserved 253952K
}
Event: 61.749 GC heap after
{Heap after GC invocations=19 (full 0):
 garbage-first heap   total 262144K, used 125790K [0x00000000e0000000, 0x0000000100000000)
  region size 1024K, 8 young (8192K), 8 survivors (8192K)
 Metaspace       used 92341K, capacity 95523K, committed 95608K, reserved 337920K
  class space    used 11636K, capacity 12638K, committed 12664K, reserved 253952K
}
Event: 68.429 GC heap before
{Heap before GC invocations=20 (full 0):
 garbage-first heap   total 262144K, used 202590K [0x00000000e0000000, 0x0000000100000000)
  region size 1024K, 82 young (83968K), 8 survivors (8192K)
 Metaspace       used 95783K, capacity 98968K, committed 99064K, reserved 339968K
  class space    used 11948K, capacity 12985K, committed 13048K, reserved 253952K
}
Event: 68.450 GC heap after
{Heap after GC invocations=21 (full 0):
 garbage-first heap   total 262144K, used 134305K [0x00000000e0000000, 0x0000000100000000)
  region size 1024K, 9 young (9216K), 9 survivors (9216K)
 Metaspace       used 95783K, capacity 98968K, committed 99064K, reserved 339968K
  class space    used 11948K, capacity 12985K, committed 13048K, reserved 253952K
}

