# JRE version: Java(TM) SE Runtime Environment 18.9 (11.0.13+10) (build 11.0.13+10-LTS-370)
# Java VM: Java HotSpot(TM) 64-Bit Server VM 18.9 (11.0.13+10-LTS-370, mixed mode, tiered, compressed oops, g1 gc, windows-amd64)
Heap:
 garbage-first heap   total 354304K, used 242949K [0x00000000e0000000, 0x0000000100000000)
  region size 1024K, 7 young (7168K), 5 survivors (5120K)
 Metaspace       used 116422K, capacity 120039K, committed 120568K, reserved 360448K
  class space    used 13767K, capacity 14912K, committed 15096K, reserved 253952K
GC Heap History (10 events):
Event: 627.758 GC heap before
{Heap before GC invocations=138 (full 0):
 garbage-first heap   total 332800K, used 303104K [0x00000000e0000000, 0x0000000100000000)
  region size 1024K, 16 young (16384K), 2 survivors (2048K)
 Metaspace       used 116191K, capacity 119952K, committed 120056K, reserved 360448K
  class space    used 13808K, capacity 15038K, committed 15096K, reserved 253952K
}
Event: 627.781 GC heap after
{Heap after GC invocations=139 (full 0):
 garbage-first heap   total 332800K, used 294688K [0x00000000e0000000, 0x0000000100000000)
  region size 1024K, 2 young (2048K), 2 survivors (2048K)
 Metaspace       used 116191K, capacity 119952K, committed 120056K, reserved 360448K
  class space    used 13808K, capacity 15038K, committed 15096K, reserved 253952K
}
Event: 628.333 GC heap before
{Heap before GC invocations=140 (full 0):
 garbage-first heap   total 332800K, used 242464K [0x00000000e0000000, 0x0000000100000000)
  region size 1024K, 16 young (16384K), 2 survivors (2048K)
 Metaspace       used 116343K, capacity 119975K, committed 120568K, reserved 360448K
  class space    used 13763K, capacity 14912K, committed 15096K, reserved 253952K
}
Event: 628.366 GC heap after
{Heap after GC invocations=141 (full 0):
 garbage-first heap   total 354304K, used 234219K [0x00000000e0000000, 0x0000000100000000)
  region size 1024K, 2 young (2048K), 2 survivors (2048K)
 Metaspace       used 116343K, capacity 119975K, committed 120568K, reserved 360448K
  class space    used 13763K, capacity 14912K, committed 15096K, reserved 253952K
}
Event: 628.695 GC heap before
{Heap before GC invocations=141 (full 0):
 garbage-first heap   total 354304K, used 249579K [0x00000000e0000000, 0x0000000100000000)
  region size 1024K, 17 young (17408K), 2 survivors (2048K)
 Metaspace       used 116362K, capacity 120039K, committed 120568K, reserved 360448K
  class space    used 13763K, capacity 14912K, committed 15096K, reserved 253952K
}
Event: 628.725 GC heap after
{Heap after GC invocations=142 (full 0):
 garbage-first heap   total 354304K, used 216064K [0x00000000e0000000, 0x0000000100000000)
  region size 1024K, 3 young (3072K), 3 survivors (3072K)
 Metaspace       used 116362K, capacity 120039K, committed 120568K, reserved 360448K
  class space    used 13763K, capacity 14912K, committed 15096K, reserved 253952K
}
Event: 629.375 GC heap before
{Heap before GC invocations=142 (full 0):
 garbage-first heap   total 354304K, used 259072K [0x00000000e0000000, 0x0000000100000000)
  region size 1024K, 45 young (46080K), 3 survivors (3072K)
 Metaspace       used 116395K, capacity 120042K, committed 120568K, reserved 360448K
  class space    used 13766K, capacity 14913K, committed 15096K, reserved 253952K
}
Event: 629.425 GC heap after
{Heap after GC invocations=143 (full 0):
 garbage-first heap   total 354304K, used 242157K [0x00000000e0000000, 0x0000000100000000)
  region size 1024K, 6 young (6144K), 6 survivors (6144K)
 Metaspace       used 116395K, capacity 120042K, committed 120568K, reserved 360448K
  class space    used 13766K, capacity 14913K, committed 15096K, reserved 253952K
}
Event: 631.044 GC heap before
{Heap before GC invocations=144 (full 0):
 garbage-first heap   total 354304K, used 267757K [0x00000000e0000000, 0x0000000100000000)
  region size 1024K, 37 young (37888K), 6 survivors (6144K)
 Metaspace       used 116420K, capacity 120039K, committed 120568K, reserved 360448K
  class space    used 13767K, capacity 14912K, committed 15096K, reserved 253952K
}
Event: 631.075 GC heap after
{Heap after GC invocations=145 (full 0):
 garbage-first heap   total 354304K, used 241925K [0x00000000e0000000, 0x0000000100000000)
  region size 1024K, 5 young (5120K), 5 survivors (5120K)
 Metaspace       used 116420K, capacity 120039K, committed 120568K, reserved 360448K
  class space    used 13767K, capacity 14912K, committed 15096K, reserved 253952K
}

