# JRE version: Java(TM) SE Runtime Environment 18.9 (11.0.13+10) (build 11.0.13+10-LTS-370)
# Java VM: Java HotSpot(TM) 64-Bit Server VM 18.9 (11.0.13+10-LTS-370, mixed mode, tiered, compressed oops, g1 gc, windows-amd64)
Heap:
 garbage-first heap   total 262144K, used 153589K [0x00000000e0000000, 0x0000000100000000)
  region size 1024K, 18 young (18432K), 11 survivors (11264K)
 Metaspace       used 96649K, capacity 99989K, committed 100344K, reserved 342016K
  class space    used 11896K, capacity 12942K, committed 13048K, reserved 253952K
GC Heap History (10 events):
Event: 130.748 GC heap before
{Heap before GC invocations=37 (full 0):
 garbage-first heap   total 262144K, used 217570K [0x00000000e0000000, 0x0000000100000000)
  region size 1024K, 84 young (86016K), 6 survivors (6144K)
 Metaspace       used 96380K, capacity 99705K, committed 99832K, reserved 342016K
  class space    used 11892K, capacity 12937K, committed 13048K, reserved 253952K
}
Event: 130.758 GC heap after
{Heap after GC invocations=38 (full 0):
 garbage-first heap   total 262144K, used 136930K [0x00000000e0000000, 0x0000000100000000)
  region size 1024K, 6 young (6144K), 6 survivors (6144K)
 Metaspace       used 96380K, capacity 99705K, committed 99832K, reserved 342016K
  class space    used 11892K, capacity 12937K, committed 13048K, reserved 253952K
}
Event: 131.427 GC heap before
{Heap before GC invocations=38 (full 0):
 garbage-first heap   total 262144K, used 142050K [0x00000000e0000000, 0x0000000100000000)
  region size 1024K, 13 young (13312K), 6 survivors (6144K)
 Metaspace       used 96397K, capacity 99706K, committed 99832K, reserved 342016K
  class space    used 11892K, capacity 12937K, committed 13048K, reserved 253952K
}
Event: 131.435 GC heap after
{Heap after GC invocations=39 (full 0):
 garbage-first heap   total 262144K, used 132622K [0x00000000e0000000, 0x0000000100000000)
  region size 1024K, 4 young (4096K), 4 survivors (4096K)
 Metaspace       used 96397K, capacity 99706K, committed 99832K, reserved 342016K
  class space    used 11892K, capacity 12937K, committed 13048K, reserved 253952K
}
Event: 134.889 GC heap before
{Heap before GC invocations=40 (full 0):
 garbage-first heap   total 262144K, used 220686K [0x00000000e0000000, 0x0000000100000000)
  region size 1024K, 89 young (91136K), 4 survivors (4096K)
 Metaspace       used 96513K, capacity 99834K, committed 100088K, reserved 342016K
  class space    used 11893K, capacity 12937K, committed 13048K, reserved 253952K
}
Event: 134.901 GC heap after
{Heap after GC invocations=41 (full 0):
 garbage-first heap   total 262144K, used 138236K [0x00000000e0000000, 0x0000000100000000)
  region size 1024K, 7 young (7168K), 7 survivors (7168K)
 Metaspace       used 96513K, capacity 99834K, committed 100088K, reserved 342016K
  class space    used 11893K, capacity 12937K, committed 13048K, reserved 253952K
}
Event: 135.996 GC heap before
{Heap before GC invocations=41 (full 0):
 garbage-first heap   total 262144K, used 151548K [0x00000000e0000000, 0x0000000100000000)
  region size 1024K, 21 young (21504K), 7 survivors (7168K)
 Metaspace       used 96532K, capacity 99834K, committed 100088K, reserved 342016K
  class space    used 11893K, capacity 12937K, committed 13048K, reserved 253952K
}
Event: 136.007 GC heap after
{Heap after GC invocations=42 (full 0):
 garbage-first heap   total 262144K, used 137068K [0x00000000e0000000, 0x0000000100000000)
  region size 1024K, 6 young (6144K), 6 survivors (6144K)
 Metaspace       used 96532K, capacity 99834K, committed 100088K, reserved 342016K
  class space    used 11893K, capacity 12937K, committed 13048K, reserved 253952K
}
Event: 139.165 GC heap before
{Heap before GC invocations=43 (full 0):
 garbage-first heap   total 262144K, used 222060K [0x00000000e0000000, 0x0000000100000000)
  region size 1024K, 87 young (89088K), 6 survivors (6144K)
 Metaspace       used 96642K, capacity 99988K, committed 100344K, reserved 342016K
  class space    used 11896K, capacity 12942K, committed 13048K, reserved 253952K
}
Event: 139.186 GC heap after
{Heap after GC invocations=44 (full 0):
 garbage-first heap   total 262144K, used 147445K [0x00000000e0000000, 0x0000000100000000)
  region size 1024K, 11 young (11264K), 11 survivors (11264K)
 Metaspace       used 96642K, capacity 99988K, committed 100344K, reserved 342016K
  class space    used 11896K, capacity 12942K, committed 13048K, reserved 253952K
}

