# JRE version: Java(TM) SE Runtime Environment 18.9 (11.0.13+10) (build 11.0.13+10-LTS-370)
# Java VM: Java HotSpot(TM) 64-Bit Server VM 18.9 (11.0.13+10-LTS-370, mixed mode, tiered, compressed oops, g1 gc, windows-amd64)
Heap:
 garbage-first heap   total 308224K, used 203348K [0x00000000e0000000, 0x0000000100000000)
  region size 1024K, 30 young (30720K), 4 survivors (4096K)
 Metaspace       used 119138K, capacity 122912K, committed 123100K, reserved 362496K
  class space    used 13972K, capacity 15142K, committed 15228K, reserved 253952K
GC Heap History (10 events):
Event: 528.601 GC heap before
{Heap before GC invocations=129 (full 0):
 garbage-first heap   total 308224K, used 184218K [0x00000000e0000000, 0x0000000100000000)
  region size 1024K, 15 young (15360K), 6 survivors (6144K)
 Metaspace       used 118995K, capacity 122712K, committed 122844K, reserved 362496K
  class space    used 13966K, capacity 15141K, committed 15228K, reserved 253952K
}
Event: 528.615 GC heap after
{Heap after GC invocations=130 (full 0):
 garbage-first heap   total 308224K, used 172705K [0x00000000e0000000, 0x0000000100000000)
  region size 1024K, 1 young (1024K), 1 survivors (1024K)
 Metaspace       used 118995K, capacity 122712K, committed 122844K, reserved 362496K
  class space    used 13966K, capacity 15141K, committed 15228K, reserved 253952K
}
Event: 529.185 GC heap before
{Heap before GC invocations=130 (full 0):
 garbage-first heap   total 308224K, used 243361K [0x00000000e0000000, 0x0000000100000000)
  region size 1024K, 71 young (72704K), 1 survivors (1024K)
 Metaspace       used 119019K, capacity 122776K, committed 123100K, reserved 362496K
  class space    used 13966K, capacity 15141K, committed 15228K, reserved 253952K
}
Event: 529.196 GC heap after
{Heap after GC invocations=131 (full 0):
 garbage-first heap   total 308224K, used 174695K [0x00000000e0000000, 0x0000000100000000)
  region size 1024K, 3 young (3072K), 3 survivors (3072K)
 Metaspace       used 119019K, capacity 122776K, committed 123100K, reserved 362496K
  class space    used 13966K, capacity 15141K, committed 15228K, reserved 253952K
}
Event: 530.324 GC heap before
{Heap before GC invocations=132 (full 0):
 garbage-first heap   total 308224K, used 247399K [0x00000000e0000000, 0x0000000100000000)
  region size 1024K, 74 young (75776K), 3 survivors (3072K)
 Metaspace       used 119091K, capacity 122844K, committed 123100K, reserved 362496K
  class space    used 13968K, capacity 15141K, committed 15228K, reserved 253952K
}
Event: 530.340 GC heap after
{Heap after GC invocations=133 (full 0):
 garbage-first heap   total 308224K, used 176845K [0x00000000e0000000, 0x0000000100000000)
  region size 1024K, 5 young (5120K), 5 survivors (5120K)
 Metaspace       used 119091K, capacity 122844K, committed 123100K, reserved 362496K
  class space    used 13968K, capacity 15141K, committed 15228K, reserved 253952K
}
Event: 530.443 GC heap before
{Heap before GC invocations=133 (full 0):
 garbage-first heap   total 308224K, used 187085K [0x00000000e0000000, 0x0000000100000000)
  region size 1024K, 15 young (15360K), 5 survivors (5120K)
 Metaspace       used 119093K, capacity 122844K, committed 123100K, reserved 362496K
  class space    used 13968K, capacity 15141K, committed 15228K, reserved 253952K
}
Event: 530.456 GC heap after
{Heap after GC invocations=134 (full 0):
 garbage-first heap   total 308224K, used 175175K [0x00000000e0000000, 0x0000000100000000)
  region size 1024K, 1 young (1024K), 1 survivors (1024K)
 Metaspace       used 119093K, capacity 122844K, committed 123100K, reserved 362496K
  class space    used 13968K, capacity 15141K, committed 15228K, reserved 253952K
}
Event: 531.146 GC heap before
{Heap before GC invocations=134 (full 0):
 garbage-first heap   total 308224K, used 249927K [0x00000000e0000000, 0x0000000100000000)
  region size 1024K, 74 young (75776K), 1 survivors (1024K)
 Metaspace       used 119126K, capacity 122846K, committed 123100K, reserved 362496K
  class space    used 13972K, capacity 15141K, committed 15228K, reserved 253952K
}
Event: 531.156 GC heap after
{Heap after GC invocations=135 (full 0):
 garbage-first heap   total 308224K, used 177748K [0x00000000e0000000, 0x0000000100000000)
  region size 1024K, 4 young (4096K), 4 survivors (4096K)
 Metaspace       used 119126K, capacity 122846K, committed 123100K, reserved 362496K
  class space    used 13972K, capacity 15141K, committed 15228K, reserved 253952K
}

