# JRE version: Java(TM) SE Runtime Environment 18.9 (11.0.13+10) (build 11.0.13+10-LTS-370)
# Java VM: Java HotSpot(TM) 64-Bit Server VM 18.9 (11.0.13+10-LTS-370, mixed mode, tiered, compressed oops, g1 gc, windows-amd64)
Heap:
 garbage-first heap   total 262144K, used 55464K [0x00000000e0000000, 0x0000000100000000)
  region size 1024K, 43 young (44032K), 10 survivors (10240K)
 Metaspace       used 37322K, capacity 38028K, committed 38272K, reserved 288768K
  class space    used 4755K, capacity 4973K, committed 4992K, reserved 253952K
GC Heap History (10 events):
Event: 2.322 GC heap before
{Heap before GC invocations=1 (full 0):
 garbage-first heap   total 262144K, used 19386K [0x00000000e0000000, 0x0000000100000000)
  region size 1024K, 14 young (14336K), 2 survivors (2048K)
 Metaspace       used 10278K, capacity 10462K, committed 10624K, reserved 264192K
  class space    used 1078K, capacity 1125K, committed 1152K, reserved 253952K
}
Event: 2.324 GC heap after
{Heap after GC invocations=2 (full 0):
 garbage-first heap   total 262144K, used 7610K [0x00000000e0000000, 0x0000000100000000)
  region size 1024K, 1 young (1024K), 1 survivors (1024K)
 Metaspace       used 10278K, capacity 10462K, committed 10624K, reserved 264192K
  class space    used 1078K, capacity 1125K, committed 1152K, reserved 253952K
}
Event: 3.804 GC heap before
{Heap before GC invocations=2 (full 0):
 garbage-first heap   total 262144K, used 39354K [0x00000000e0000000, 0x0000000100000000)
  region size 1024K, 32 young (32768K), 1 survivors (1024K)
 Metaspace       used 13370K, capacity 13696K, committed 13952K, reserved 266240K
  class space    used 1495K, capacity 1612K, committed 1664K, reserved 253952K
}
Event: 3.811 GC heap after
{Heap after GC invocations=3 (full 0):
 garbage-first heap   total 262144K, used 12873K [0x00000000e0000000, 0x0000000100000000)
  region size 1024K, 4 young (4096K), 4 survivors (4096K)
 Metaspace       used 13370K, capacity 13696K, committed 13952K, reserved 266240K
  class space    used 1495K, capacity 1612K, committed 1664K, reserved 253952K
}
Event: 5.955 GC heap before
{Heap before GC invocations=3 (full 0):
 garbage-first heap   total 262144K, used 55881K [0x00000000e0000000, 0x0000000100000000)
  region size 1024K, 47 young (48128K), 4 survivors (4096K)
 Metaspace       used 20800K, capacity 21123K, committed 21248K, reserved 272384K
  class space    used 2624K, capacity 2754K, committed 2816K, reserved 253952K
}
Event: 5.964 GC heap after
{Heap after GC invocations=4 (full 0):
 garbage-first heap   total 262144K, used 15450K [0x00000000e0000000, 0x0000000100000000)
  region size 1024K, 3 young (3072K), 3 survivors (3072K)
 Metaspace       used 20800K, capacity 21123K, committed 21248K, reserved 272384K
  class space    used 2624K, capacity 2754K, committed 2816K, reserved 253952K
}
Event: 9.162 GC heap before
{Heap before GC invocations=5 (full 0):
 garbage-first heap   total 262144K, used 74842K [0x00000000e0000000, 0x0000000100000000)
  region size 1024K, 59 young (60416K), 3 survivors (3072K)
 Metaspace       used 31424K, capacity 31916K, committed 32256K, reserved 282624K
  class space    used 3819K, capacity 4003K, committed 4096K, reserved 253952K
}
Event: 9.173 GC heap after
{Heap after GC invocations=6 (full 0):
 garbage-first heap   total 262144K, used 19515K [0x00000000e0000000, 0x0000000100000000)
  region size 1024K, 7 young (7168K), 7 survivors (7168K)
 Metaspace       used 31424K, capacity 31916K, committed 32256K, reserved 282624K
  class space    used 3819K, capacity 4003K, committed 4096K, reserved 253952K
}
Event: 26.415 GC heap before
{Heap before GC invocations=6 (full 0):
 garbage-first heap   total 262144K, used 60475K [0x00000000e0000000, 0x0000000100000000)
  region size 1024K, 48 young (49152K), 7 survivors (7168K)
 Metaspace       used 35181K, capacity 35713K, committed 35840K, reserved 286720K
  class space    used 4393K, capacity 4585K, committed 4608K, reserved 253952K
}
Event: 26.429 GC heap after
{Heap after GC invocations=7 (full 0):
 garbage-first heap   total 262144K, used 22696K [0x00000000e0000000, 0x0000000100000000)
  region size 1024K, 10 young (10240K), 10 survivors (10240K)
 Metaspace       used 35181K, capacity 35713K, committed 35840K, reserved 286720K
  class space    used 4393K, capacity 4585K, committed 4608K, reserved 253952K
}

