# JRE version: Java(TM) SE Runtime Environment 18.9 (11.0.13+10) (build 11.0.13+10-LTS-370)
# Java VM: Java HotSpot(TM) 64-Bit Server VM 18.9 (11.0.13+10-LTS-370, mixed mode, tiered, compressed oops, g1 gc, windows-amd64)
Heap:
 garbage-first heap   total 262144K, used 153600K [0x00000000e0000000, 0x0000000100000000)
  region size 1024K, 44 young (45056K), 11 survivors (11264K)
 Metaspace       used 83514K, capacity 86524K, committed 86776K, reserved 329728K
  class space    used 10181K, capacity 11118K, committed 11256K, reserved 253952K
GC Heap History (10 events):
Event: 12234.223 GC heap before
{Heap before GC invocations=33 (full 0):
 garbage-first heap   total 262144K, used 194786K [0x00000000e0000000, 0x0000000100000000)
  region size 1024K, 72 young (73728K), 1 survivors (1024K)
 Metaspace       used 83195K, capacity 86114K, committed 86520K, reserved 329728K
  class space    used 10177K, capacity 11113K, committed 11256K, reserved 253952K
}
Event: 12234.234 GC heap after
{Heap after GC invocations=34 (full 0):
 garbage-first heap   total 262144K, used 122114K [0x00000000e0000000, 0x0000000100000000)
  region size 1024K, 1 young (1024K), 1 survivors (1024K)
 Metaspace       used 83195K, capacity 86114K, committed 86520K, reserved 329728K
  class space    used 10177K, capacity 11113K, committed 11256K, reserved 253952K
}
Event: 15620.223 GC heap before
{Heap before GC invocations=35 (full 0):
 garbage-first heap   total 262144K, used 197890K [0x00000000e0000000, 0x0000000100000000)
  region size 1024K, 75 young (76800K), 1 survivors (1024K)
 Metaspace       used 82935K, capacity 85655K, committed 86520K, reserved 329728K
  class space    used 10088K, capacity 10920K, committed 11256K, reserved 253952K
}
Event: 15620.256 GC heap after
{Heap after GC invocations=36 (full 0):
 garbage-first heap   total 262144K, used 121874K [0x00000000e0000000, 0x0000000100000000)
  region size 1024K, 1 young (1024K), 1 survivors (1024K)
 Metaspace       used 82935K, capacity 85655K, committed 86520K, reserved 329728K
  class space    used 10088K, capacity 10920K, committed 11256K, reserved 253952K
}
Event: 15686.989 GC heap before
{Heap before GC invocations=36 (full 0):
 garbage-first heap   total 262144K, used 132114K [0x00000000e0000000, 0x0000000100000000)
  region size 1024K, 12 young (12288K), 1 survivors (1024K)
 Metaspace       used 83020K, capacity 85755K, committed 86520K, reserved 329728K
  class space    used 10109K, capacity 10953K, committed 11256K, reserved 253952K
}
Event: 15687.048 GC heap after
{Heap after GC invocations=37 (full 0):
 garbage-first heap   total 262144K, used 107497K [0x00000000e0000000, 0x0000000100000000)
  region size 1024K, 2 young (2048K), 2 survivors (2048K)
 Metaspace       used 83020K, capacity 85755K, committed 86520K, reserved 329728K
  class space    used 10109K, capacity 10953K, committed 11256K, reserved 253952K
}
Event: 15701.943 GC heap before
{Heap before GC invocations=37 (full 0):
 garbage-first heap   total 262144K, used 192489K [0x00000000e0000000, 0x0000000100000000)
  region size 1024K, 85 young (87040K), 2 survivors (2048K)
 Metaspace       used 83445K, capacity 86509K, committed 86776K, reserved 329728K
  class space    used 10179K, capacity 11114K, committed 11256K, reserved 253952K
}
Event: 15701.992 GC heap after
{Heap after GC invocations=38 (full 0):
 garbage-first heap   total 262144K, used 125684K [0x00000000e0000000, 0x0000000100000000)
  region size 1024K, 11 young (11264K), 11 survivors (11264K)
 Metaspace       used 83445K, capacity 86509K, committed 86776K, reserved 329728K
  class space    used 10179K, capacity 11114K, committed 11256K, reserved 253952K
}
Event: 15704.131 GC heap before
{Heap before GC invocations=38 (full 0):
 garbage-first heap   total 262144K, used 200436K [0x00000000e0000000, 0x0000000100000000)
  region size 1024K, 84 young (86016K), 11 survivors (11264K)
 Metaspace       used 83502K, capacity 86518K, committed 86776K, reserved 329728K
  class space    used 10181K, capacity 11117K, committed 11256K, reserved 253952K
}
Event: 15704.177 GC heap after
{Heap after GC invocations=39 (full 0):
 garbage-first heap   total 262144K, used 140288K [0x00000000e0000000, 0x0000000100000000)
  region size 1024K, 11 young (11264K), 11 survivors (11264K)
 Metaspace       used 83502K, capacity 86518K, committed 86776K, reserved 329728K
  class space    used 10181K, capacity 11117K, committed 11256K, reserved 253952K
}

