# JRE version: Java(TM) SE Runtime Environment 18.9 (11.0.13+10) (build 11.0.13+10-LTS-370)
# Java VM: Java HotSpot(TM) 64-Bit Server VM 18.9 (11.0.13+10-LTS-370, mixed mode, tiered, compressed oops, g1 gc, windows-amd64)
Heap:
 garbage-first heap   total 262144K, used 99839K [0x00000000e0000000, 0x0000000100000000)
  region size 1024K, 46 young (47104K), 12 survivors (12288K)
 Metaspace       used 70785K, capacity 73097K, committed 73292K, reserved 317440K
  class space    used 9052K, capacity 9795K, committed 9804K, reserved 253952K
GC Heap History (10 events):
Event: 7.118 GC heap before
{Heap before GC invocations=6 (full 0):
 garbage-first heap   total 262144K, used 80220K [0x00000000e0000000, 0x0000000100000000)
  region size 1024K, 64 young (65536K), 3 survivors (3072K)
 Metaspace       used 31694K, capacity 32264K, committed 32512K, reserved 282624K
  class space    used 3854K, capacity 4059K, committed 4096K, reserved 253952K
}
Event: 7.130 GC heap after
{Heap after GC invocations=7 (full 0):
 garbage-first heap   total 262144K, used 20530K [0x00000000e0000000, 0x0000000100000000)
  region size 1024K, 8 young (8192K), 8 survivors (8192K)
 Metaspace       used 31694K, capacity 32264K, committed 32512K, reserved 282624K
  class space    used 3854K, capacity 4059K, committed 4096K, reserved 253952K
}
Event: 21.109 GC heap before
{Heap before GC invocations=7 (full 0):
 garbage-first heap   total 262144K, used 58418K [0x00000000e0000000, 0x0000000100000000)
  region size 1024K, 46 young (47104K), 8 survivors (8192K)
 Metaspace       used 35237K, capacity 35773K, committed 35840K, reserved 286720K
  class space    used 4393K, capacity 4585K, committed 4608K, reserved 253952K
}
Event: 21.124 GC heap after
{Heap after GC invocations=8 (full 0):
 garbage-first heap   total 262144K, used 23493K [0x00000000e0000000, 0x0000000100000000)
  region size 1024K, 10 young (10240K), 10 survivors (10240K)
 Metaspace       used 35237K, capacity 35773K, committed 35840K, reserved 286720K
  class space    used 4393K, capacity 4585K, committed 4608K, reserved 253952K
}
Event: 27.406 GC heap before
{Heap before GC invocations=9 (full 0):
 garbage-first heap   total 262144K, used 168901K [0x00000000e0000000, 0x0000000100000000)
  region size 1024K, 148 young (151552K), 10 survivors (10240K)
 Metaspace       used 49479K, capacity 50542K, committed 50764K, reserved 299008K
  class space    used 6281K, capacity 6650K, committed 6732K, reserved 253952K
}
Event: 27.448 GC heap after
{Heap after GC invocations=10 (full 0):
 garbage-first heap   total 262144K, used 41971K [0x00000000e0000000, 0x0000000100000000)
  region size 1024K, 19 young (19456K), 19 survivors (19456K)
 Metaspace       used 49479K, capacity 50542K, committed 50764K, reserved 299008K
  class space    used 6281K, capacity 6650K, committed 6732K, reserved 253952K
}
Event: 43.702 GC heap before
{Heap before GC invocations=10 (full 0):
 garbage-first heap   total 262144K, used 153587K [0x00000000e0000000, 0x0000000100000000)
  region size 1024K, 128 young (131072K), 19 survivors (19456K)
 Metaspace       used 58861K, capacity 60149K, committed 60236K, reserved 307200K
  class space    used 7551K, capacity 7963K, committed 8012K, reserved 253952K
}
Event: 43.759 GC heap after
{Heap after GC invocations=11 (full 0):
 garbage-first heap   total 262144K, used 52359K [0x00000000e0000000, 0x0000000100000000)
  region size 1024K, 10 young (10240K), 10 survivors (10240K)
 Metaspace       used 58861K, capacity 60149K, committed 60236K, reserved 307200K
  class space    used 7551K, capacity 7963K, committed 8012K, reserved 253952K
}
Event: 51.446 GC heap before
{Heap before GC invocations=12 (full 0):
 garbage-first heap   total 262144K, used 180359K [0x00000000e0000000, 0x0000000100000000)
  region size 1024K, 135 young (138240K), 10 survivors (10240K)
 Metaspace       used 69825K, capacity 71738K, committed 71884K, reserved 317440K
  class space    used 8943K, capacity 9626K, committed 9676K, reserved 253952K
}
Event: 51.477 GC heap after
{Heap after GC invocations=13 (full 0):
 garbage-first heap   total 262144K, used 63999K [0x00000000e0000000, 0x0000000100000000)
  region size 1024K, 12 young (12288K), 12 survivors (12288K)
 Metaspace       used 69825K, capacity 71738K, committed 71884K, reserved 317440K
  class space    used 8943K, capacity 9626K, committed 9676K, reserved 253952K
}

