# JRE version: Java(TM) SE Runtime Environment 18.9 (11.0.13+10) (build 11.0.13+10-LTS-370)
# Java VM: Java HotSpot(TM) 64-Bit Server VM 18.9 (11.0.13+10-LTS-370, mixed mode, tiered, compressed oops, g1 gc, windows-amd64)
Heap:
 garbage-first heap   total 262144K, used 115230K [0x00000000e0000000, 0x0000000100000000)
  region size 1024K, 94 young (96256K), 8 survivors (8192K)
 Metaspace       used 40997K, capacity 41866K, committed 41984K, reserved 290816K
  class space    used 5258K, capacity 5522K, committed 5632K, reserved 253952K
GC Heap History (10 events):
Event: 2.683 GC heap before
{Heap before GC invocations=2 (full 0):
 garbage-first heap   total 262144K, used 37343K [0x00000000e0000000, 0x0000000100000000)
  region size 1024K, 31 young (31744K), 1 survivors (1024K)
 Metaspace       used 12123K, capacity 12365K, committed 12416K, reserved 266240K
  class space    used 1316K, capacity 1398K, committed 1408K, reserved 253952K
}
Event: 2.688 GC heap after
{Heap after GC invocations=3 (full 0):
 garbage-first heap   total 262144K, used 12850K [0x00000000e0000000, 0x0000000100000000)
  region size 1024K, 4 young (4096K), 4 survivors (4096K)
 Metaspace       used 12123K, capacity 12365K, committed 12416K, reserved 266240K
  class space    used 1316K, capacity 1398K, committed 1408K, reserved 253952K
}
Event: 4.658 GC heap before
{Heap before GC invocations=3 (full 0):
 garbage-first heap   total 262144K, used 58930K [0x00000000e0000000, 0x0000000100000000)
  region size 1024K, 49 young (50176K), 4 survivors (4096K)
 Metaspace       used 20459K, capacity 20831K, committed 20992K, reserved 272384K
  class space    used 2584K, capacity 2722K, committed 2816K, reserved 253952K
}
Event: 4.667 GC heap after
{Heap after GC invocations=4 (full 0):
 garbage-first heap   total 262144K, used 15514K [0x00000000e0000000, 0x0000000100000000)
  region size 1024K, 3 young (3072K), 3 survivors (3072K)
 Metaspace       used 20459K, capacity 20831K, committed 20992K, reserved 272384K
  class space    used 2584K, capacity 2722K, committed 2816K, reserved 253952K
}
Event: 4.733 GC heap before
{Heap before GC invocations=4 (full 0):
 garbage-first heap   total 262144K, used 17562K [0x00000000e0000000, 0x0000000100000000)
  region size 1024K, 6 young (6144K), 3 survivors (3072K)
 Metaspace       used 20848K, capacity 21218K, committed 21248K, reserved 272384K
  class space    used 2632K, capacity 2787K, committed 2816K, reserved 253952K
}
Event: 4.737 GC heap after
{Heap after GC invocations=5 (full 0):
 garbage-first heap   total 262144K, used 15705K [0x00000000e0000000, 0x0000000100000000)
  region size 1024K, 3 young (3072K), 3 survivors (3072K)
 Metaspace       used 20848K, capacity 21218K, committed 21248K, reserved 272384K
  class space    used 2632K, capacity 2787K, committed 2816K, reserved 253952K
}
Event: 7.073 GC heap before
{Heap before GC invocations=6 (full 0):
 garbage-first heap   total 262144K, used 79193K [0x00000000e0000000, 0x0000000100000000)
  region size 1024K, 63 young (64512K), 3 survivors (3072K)
 Metaspace       used 31690K, capacity 32264K, committed 32512K, reserved 282624K
  class space    used 3858K, capacity 4059K, committed 4096K, reserved 253952K
}
Event: 7.085 GC heap after
{Heap after GC invocations=7 (full 0):
 garbage-first heap   total 262144K, used 20457K [0x00000000e0000000, 0x0000000100000000)
  region size 1024K, 8 young (8192K), 8 survivors (8192K)
 Metaspace       used 31690K, capacity 32264K, committed 32512K, reserved 282624K
  class space    used 3858K, capacity 4059K, committed 4096K, reserved 253952K
}
Event: 15.345 GC heap before
{Heap before GC invocations=7 (full 0):
 garbage-first heap   total 262144K, used 58345K [0x00000000e0000000, 0x0000000100000000)
  region size 1024K, 46 young (47104K), 8 survivors (8192K)
 Metaspace       used 35166K, capacity 35709K, committed 35840K, reserved 286720K
  class space    used 4394K, capacity 4585K, committed 4608K, reserved 253952K
}
Event: 15.360 GC heap after
{Heap after GC invocations=8 (full 0):
 garbage-first heap   total 262144K, used 23070K [0x00000000e0000000, 0x0000000100000000)
  region size 1024K, 8 young (8192K), 8 survivors (8192K)
 Metaspace       used 35166K, capacity 35709K, committed 35840K, reserved 286720K
  class space    used 4394K, capacity 4585K, committed 4608K, reserved 253952K
}

