# JRE version: Java(TM) SE Runtime Environment 18.9 (11.0.13+10) (build 11.0.13+10-LTS-370)
# Java VM: Java HotSpot(TM) 64-Bit Server VM 18.9 (11.0.13+10-LTS-370, mixed mode, tiered, compressed oops, g1 gc, windows-amd64)
Heap:
 garbage-first heap   total 262144K, used 150265K [0x00000000e0000000, 0x0000000100000000)
  region size 1024K, 99 young (101376K), 7 survivors (7168K)
 Metaspace       used 71280K, capacity 73699K, committed 73744K, reserved 319488K
  class space    used 9113K, capacity 9849K, committed 9856K, reserved 253952K
GC Heap History (10 events):
Event: 15.854 GC heap before
{Heap before GC invocations=7 (full 0):
 garbage-first heap   total 262144K, used 61585K [0x00000000e0000000, 0x0000000100000000)
  region size 1024K, 49 young (50176K), 7 survivors (7168K)
 Metaspace       used 35153K, capacity 35705K, committed 35840K, reserved 286720K
  class space    used 4389K, capacity 4585K, committed 4608K, reserved 253952K
}
Event: 15.869 GC heap after
{Heap after GC invocations=8 (full 0):
 garbage-first heap   total 262144K, used 22903K [0x00000000e0000000, 0x0000000100000000)
  region size 1024K, 8 young (8192K), 8 survivors (8192K)
 Metaspace       used 35153K, capacity 35705K, committed 35840K, reserved 286720K
  class space    used 4389K, capacity 4585K, committed 4608K, reserved 253952K
}
Event: 17.945 GC heap before
{Heap before GC invocations=9 (full 0):
 garbage-first heap   total 262144K, used 115063K [0x00000000e0000000, 0x0000000100000000)
  region size 1024K, 94 young (96256K), 8 survivors (8192K)
 Metaspace       used 41085K, capacity 42035K, committed 42240K, reserved 290816K
  class space    used 5265K, capacity 5561K, committed 5632K, reserved 253952K
}
Event: 17.968 GC heap after
{Heap after GC invocations=10 (full 0):
 garbage-first heap   total 262144K, used 36357K [0x00000000e0000000, 0x0000000100000000)
  region size 1024K, 12 young (12288K), 12 survivors (12288K)
 Metaspace       used 41085K, capacity 42035K, committed 42240K, reserved 290816K
  class space    used 5265K, capacity 5561K, committed 5632K, reserved 253952K
}
Event: 27.626 GC heap before
{Heap before GC invocations=10 (full 0):
 garbage-first heap   total 262144K, used 161285K [0x00000000e0000000, 0x0000000100000000)
  region size 1024K, 134 young (137216K), 12 survivors (12288K)
 Metaspace       used 54403K, capacity 55566K, committed 55808K, reserved 303104K
  class space    used 6907K, capacity 7297K, committed 7424K, reserved 253952K
}
Event: 27.656 GC heap after
{Heap after GC invocations=11 (full 0):
 garbage-first heap   total 262144K, used 46622K [0x00000000e0000000, 0x0000000100000000)
  region size 1024K, 17 young (17408K), 17 survivors (17408K)
 Metaspace       used 54403K, capacity 55566K, committed 55808K, reserved 303104K
  class space    used 6907K, capacity 7297K, committed 7424K, reserved 253952K
}
Event: 28.501 GC heap before
{Heap before GC invocations=11 (full 0):
 garbage-first heap   total 262144K, used 73246K [0x00000000e0000000, 0x0000000100000000)
  region size 1024K, 44 young (45056K), 17 survivors (17408K)
 Metaspace       used 58591K, capacity 59864K, committed 59904K, reserved 307200K
  class space    used 7507K, capacity 7914K, committed 7936K, reserved 253952K
}
Event: 28.525 GC heap after
{Heap after GC invocations=12 (full 0):
 garbage-first heap   total 262144K, used 49457K [0x00000000e0000000, 0x0000000100000000)
  region size 1024K, 12 young (12288K), 12 survivors (12288K)
 Metaspace       used 58591K, capacity 59864K, committed 59904K, reserved 307200K
  class space    used 7507K, capacity 7914K, committed 7936K, reserved 253952K
}
Event: 31.265 GC heap before
{Heap before GC invocations=13 (full 0):
 garbage-first heap   total 262144K, used 141617K [0x00000000e0000000, 0x0000000100000000)
  region size 1024K, 102 young (104448K), 12 survivors (12288K)
 Metaspace       used 67602K, capacity 69165K, committed 69264K, reserved 315392K
  class space    used 8648K, capacity 9211K, committed 9216K, reserved 253952K
}
Event: 31.295 GC heap after
{Heap after GC invocations=14 (full 0):
 garbage-first heap   total 262144K, used 55033K [0x00000000e0000000, 0x0000000100000000)
  region size 1024K, 7 young (7168K), 7 survivors (7168K)
 Metaspace       used 67602K, capacity 69165K, committed 69264K, reserved 315392K
  class space    used 8648K, capacity 9211K, committed 9216K, reserved 253952K
}

